<?xml version="1.0" encoding="UTF-8" standalone="no"?><testsuite errors="0" failures="0" name="User" skipped="0" tests="6" time="11.56" timestamp="2023-06-16 11:45:07"><testcase name="POST - As a admin I can login"/><testcase name="GET ALL - As admin I can get all data details cashier"/><testcase name="GET - As admin I can get search data details cashier"/><testcase name="POST - As admin I can add new cashier data"/><testcase name="PUT - As admin I can update cashier data by id"/><testcase name="DELETE - As admin I can delete cashier data by id"/></testsuite>