<?xml version="1.0" encoding="UTF-8"?>
<testsuite xmlns:xsi="http://www.w3.org/2001/XMLSchema-instance" xsi:noNamespaceSchemaLocation="https://maven.apache.org/surefire/maven-failsafe-plugin/xsd/failsafe-test-report-3.0.xsd" version="3.0" name="starter.CucumberTestSuite" time="22.588" tests="7" errors="1" skipped="0" failures="5">
  <properties>
[...]
</properties>
  <testcase name="POST - As admin I can login" classname="User #1" time="8.878">
    <system-out><![CDATA[11:43:16.478 [main] DEBUG net.thucydides.core.guice.Injectors - Created injector for module net.thucydides.core.guice.ThucydidesModule
11:43:17.152 [main] INFO io.cucumber.core.plugin.SerenityReporter - Running feature from file:///E:/SEMESTER%20VI/KAMPUS%20MERDEKA/capstone-pos/automation/api-automation/src/test/resources/api/Authentication/LoginCashier.feature
11:43:17.152 [main] WARN io.cucumber.core.plugin.SerenityReporter - Feature from file:///E:/SEMESTER%20VI/KAMPUS%20MERDEKA/capstone-pos/automation/api-automation/src/test/resources/api/Authentication/LoginCashier.feature is not under the 'features' directory. Requirements report will not be correctly generated!
11:43:17.489 [main] DEBUG net.thucydides.core.guice.Injectors - Created injector for module net.thucydides.core.guice.webdriver.WebDriverModule
11:43:17.520 [main] INFO  - 

-------------------------------------------------------------------------------------
     _______. _______ .______       _______ .__   __.  __  .___________.____    ____ 
    /       ||   ____||   _  \     |   ____||  \ |  | |  | |           |\   \  /   / 
   |   (----`|  |__   |  |_)  |    |  |__   |   \|  | |  | `---|  |----` \   \/   /  
    \   \    |   __|  |      /     |   __|  |  . `  | |  |     |  |       \_    _/   
.----)   |   |  |____ |  |\  \----.|  |____ |  |\   | |  |     |  |         |  |     
|_______/    |_______|| _| `._____||_______||__| \__| |__|     |__|         |__|    
                                                                                     
 News and tutorials at http://www.serenity-bdd.info                                  
 Documentation at https://wakaleo.gitbooks.io/the-serenity-book/content/             
 Join the Serenity Community on Gitter: https://gitter.im/serenity-bdd/serenity-core 
 Serenity BDD Support and Training at http://serenity-bdd.info/#/trainingandsupport  
-------------------------------------------------------------------------------------

11:43:17.528 [main] DEBUG net.thucydides.core.steps.StepEventBus - Test suite started for story net.thucydides.core.model.Story@a8fdb26f
11:43:17.534 [main] INFO  - Test Suite Started: User
11:43:17.628 [main] INFO io.cucumber.core.plugin.SerenityReporter - Running feature from file:///E:/SEMESTER%20VI/KAMPUS%20MERDEKA/capstone-pos/automation/api-automation/src/test/resources/api/Cashier/Cashier.feature
11:43:17.628 [main] WARN io.cucumber.core.plugin.SerenityReporter - Feature from file:///E:/SEMESTER%20VI/KAMPUS%20MERDEKA/capstone-pos/automation/api-automation/src/test/resources/api/Cashier/Cashier.feature is not under the 'features' directory. Requirements report will not be correctly generated!
11:43:17.640 [main] DEBUG net.thucydides.core.steps.StepEventBus - Test suite started for story net.thucydides.core.model.Story@798eebd5
11:43:17.642 [main] INFO  - Test Suite Started: User
11:43:17.644 [main] INFO io.cucumber.core.plugin.SerenityReporter - Running feature from file:///E:/SEMESTER%20VI/KAMPUS%20MERDEKA/capstone-pos/automation/api-automation/src/test/resources/api/Authentication/LoginCashier.feature
11:43:17.645 [main] WARN io.cucumber.core.plugin.SerenityReporter - Feature from file:///E:/SEMESTER%20VI/KAMPUS%20MERDEKA/capstone-pos/automation/api-automation/src/test/resources/api/Authentication/LoginCashier.feature is not under the 'features' directory. Requirements report will not be correctly generated!
11:43:17.650 [main] DEBUG net.thucydides.core.steps.StepEventBus - Test suite started for story net.thucydides.core.model.Story@a8fdb26f
11:43:17.652 [main] INFO  - Test Suite Started: User

@TC01-LoginPositive
Scenario: POST - As admin I can login         &amp#27;[90m# src/test/resources/api/Authentication/LoginCashier.feature:7&amp#27;[0m
11:43:17.954 [main] INFO io.cucumber.core.plugin.SerenityReporter - Running feature from file:///E:/SEMESTER%20VI/KAMPUS%20MERDEKA/capstone-pos/automation/api-automation/src/test/resources/api/Authentication/LoginCashier.feature
11:43:17.954 [main] WARN io.cucumber.core.plugin.SerenityReporter - Feature from file:///E:/SEMESTER%20VI/KAMPUS%20MERDEKA/capstone-pos/automation/api-automation/src/test/resources/api/Authentication/LoginCashier.feature is not under the 'features' directory. Requirements report will not be correctly generated!
11:43:18.267 [main] INFO  - 
  _____   ___   ___   _____     ___   _____     _     ___   _____   ___   ___  
 |_   _| | __| / __| |_   _|   / __| |_   _|   /_\   | _ \ |_   _| | __| |   \ 
   | |   | _|  \__ \   | |     \__ \   | |    / _ \  |   /   | |   | _|  | |) |
   |_|   |___| |___/   |_|     |___/   |_|   /_/ \_\ |_|_\   |_|   |___| |___/ 

POST - As admin I can login(user;post---as-admin-i-can-login)
--------------------------------------------------------------------------------
11:43:19.359 [main] DEBUG net.thucydides.core.steps.StepInterceptor - STARTING STEP: LoginSteps.iSetTheApiPOSTEndpoint - I set the api POST endpoint
11:43:19.372 [main] DEBUG net.thucydides.core.steps.StepInterceptor - STEP DONE: I set the api POST endpoint
  &amp#27;[32mGiven &amp#27;[0m&amp#27;[32mI set the api POST endpoint&amp#27;[0m           &amp#27;[90m# starter.stepdefinitions.Authentication.LoginSteps.iSetTheApiPOSTEndpoint()&amp#27;[0m
11:43:19.392 [main] DEBUG net.thucydides.core.steps.StepInterceptor - STARTING STEP: LoginSteps.iSendHTTPPOSTRequest - I send HTTP POST request
11:43:22.374 [main] DEBUG net.thucydides.core.steps.StepInterceptor - STARTING STEP: LoginPage.iSendGETHTTPRequest - I set the api POST endpoint
11:43:22.377 [main] DEBUG net.thucydides.core.steps.StepInterceptor - STEP DONE: I set the api POST endpoint
11:43:24.408 [main] DEBUG org.apache.http.impl.conn.BasicClientConnectionManager - Get connection for route {}->http://128.199.206.32:8000
11:43:24.427 [main] DEBUG org.apache.http.impl.conn.DefaultClientConnectionOperator - Connecting to 128.199.206.32:8000
11:43:24.488 [main] DEBUG org.apache.http.client.protocol.RequestAddCookies - CookieSpec selected: ignoreCookies
11:43:24.490 [main] DEBUG org.apache.http.client.protocol.RequestAuthCache - Auth cache not set in the context
11:43:24.491 [main] DEBUG org.apache.http.client.protocol.RequestTargetAuthentication - Target auth state: UNCHALLENGED
11:43:24.492 [main] DEBUG org.apache.http.client.protocol.RequestProxyAuthentication - Proxy auth state: UNCHALLENGED
11:43:24.492 [main] DEBUG org.apache.http.impl.client.DefaultHttpClient - Attempt 1 to execute request
11:43:24.492 [main] DEBUG org.apache.http.impl.conn.DefaultClientConnection - Sending request: POST /api/v1/cashier/login HTTP/1.1
11:43:24.493 [main] DEBUG org.apache.http.wire -  >> "POST /api/v1/cashier/login HTTP/1.1[\r][\n]"
11:43:24.495 [main] DEBUG org.apache.http.wire -  >> "Accept: */*[\r][\n]"
11:43:24.495 [main] DEBUG org.apache.http.wire -  >> "Content-Type: application/json[\r][\n]"
11:43:24.495 [main] DEBUG org.apache.http.wire -  >> "Content-Length: 43[\r][\n]"
11:43:24.496 [main] DEBUG org.apache.http.wire -  >> "Host: 128.199.206.32:8000[\r][\n]"
11:43:24.496 [main] DEBUG org.apache.http.wire -  >> "Connection: Keep-Alive[\r][\n]"
11:43:24.496 [main] DEBUG org.apache.http.wire -  >> "User-Agent: Apache-HttpClient/4.5.13 (Java/1.8.0_351)[\r][\n]"
11:43:24.496 [main] DEBUG org.apache.http.wire -  >> "Accept-Encoding: gzip,deflate[\r][\n]"
11:43:24.496 [main] DEBUG org.apache.http.wire -  >> "[\r][\n]"
11:43:24.496 [main] DEBUG org.apache.http.headers - >> POST /api/v1/cashier/login HTTP/1.1
11:43:24.496 [main] DEBUG org.apache.http.headers - >> Accept: */*
11:43:24.496 [main] DEBUG org.apache.http.headers - >> Content-Type: application/json
11:43:24.497 [main] DEBUG org.apache.http.headers - >> Content-Length: 43
11:43:24.497 [main] DEBUG org.apache.http.headers - >> Host: 128.199.206.32:8000
11:43:24.497 [main] DEBUG org.apache.http.headers - >> Connection: Keep-Alive
11:43:24.497 [main] DEBUG org.apache.http.headers - >> User-Agent: Apache-HttpClient/4.5.13 (Java/1.8.0_351)
11:43:24.497 [main] DEBUG org.apache.http.headers - >> Accept-Encoding: gzip,deflate
11:43:24.497 [main] DEBUG org.apache.http.wire -  >> "{"password":"kasir","username":"ITMT-3351"}"
11:43:24.610 [main] DEBUG org.apache.http.wire -  << "HTTP/1.1 200 OK[\r][\n]"
11:43:24.612 [main] DEBUG org.apache.http.wire -  << "Content-Type: application/json; charset=UTF-8[\r][\n]"
11:43:24.613 [main] DEBUG org.apache.http.wire -  << "Vary: Origin[\r][\n]"
11:43:24.613 [main] DEBUG org.apache.http.wire -  << "Date: Fri, 16 Jun 2023 04:43:24 GMT[\r][\n]"
11:43:24.613 [main] DEBUG org.apache.http.wire -  << "Content-Length: 251[\r][\n]"
11:43:24.613 [main] DEBUG org.apache.http.wire -  << "[\r][\n]"
11:43:24.614 [main] DEBUG org.apache.http.impl.conn.DefaultClientConnection - Receiving response: HTTP/1.1 200 OK
11:43:24.614 [main] DEBUG org.apache.http.headers - << HTTP/1.1 200 OK
11:43:24.614 [main] DEBUG org.apache.http.headers - << Content-Type: application/json; charset=UTF-8
11:43:24.615 [main] DEBUG org.apache.http.headers - << Vary: Origin
11:43:24.615 [main] DEBUG org.apache.http.headers - << Date: Fri, 16 Jun 2023 04:43:24 GMT
11:43:24.615 [main] DEBUG org.apache.http.headers - << Content-Length: 251
11:43:24.621 [main] DEBUG org.apache.http.impl.client.DefaultHttpClient - Connection can be kept alive indefinitely
11:43:24.629 [main] DEBUG io.restassured.internal.RestAssuredHttpBuilder - Parsing response as: application/json; charset=UTF-8
11:43:24.630 [main] DEBUG io.restassured.internal.RestAssuredHttpBuilder - Parsed data to instance of: class org.apache.http.conn.EofSensorInputStream
11:43:24.728 [main] DEBUG org.apache.http.wire -  << "{"meta":{"code":200,"status":"success","message":"successfully login"},"data":{"username":"kasir","user_code":"ITMT-3351","token":"eyJhbGciOiJIUzI1NiIsInR5cCI6IkpXVCJ9.eyJpZCI6MzQsImV4cCI6MTY4NjkwMTQwNH0.UHl2E0SPayOjiYf9R16k2GTGI9xy0PGJLSxhLqktzu0"}}[\n]"
11:43:24.729 [main] DEBUG org.apache.http.impl.conn.BasicClientConnectionManager - Releasing connection org.apache.http.impl.conn.ManagedClientConnectionImpl@5b000fe6
11:43:24.729 [main] DEBUG org.apache.http.impl.conn.BasicClientConnectionManager - Connection can be kept alive indefinitely
11:43:24.737 [main] DEBUG net.thucydides.core.steps.StepInterceptor - STEP DONE: I send HTTP POST request
  &amp#27;[32mWhen &amp#27;[0m&amp#27;[32mI send HTTP POST request&amp#27;[0m               &amp#27;[90m# starter.stepdefinitions.Authentication.LoginSteps.iSendHTTPPOSTRequest()&amp#27;[0m
11:43:24.747 [main] DEBUG net.thucydides.core.steps.StepInterceptor - STARTING STEP: LoginSteps.iReceiveValidHTTPResponseCode200 - I receive a valid HTTP response code 200
11:43:24.796 [main] DEBUG net.thucydides.core.steps.StepInterceptor - STEP DONE: I receive a valid HTTP response code 200
  &amp#27;[32mThen &amp#27;[0m&amp#27;[32mI receive valid HTTP response code 200&amp#27;[0m &amp#27;[90m# starter.stepdefinitions.Authentication.LoginSteps.iReceiveValidHTTPResponseCode200()&amp#27;[0m
11:43:24.810 [main] DEBUG net.thucydides.core.steps.StepInterceptor - STARTING STEP: LoginSteps.iReceivedTheToken - I received the token
11:43:26.510 [main] DEBUG net.thucydides.core.steps.StepInterceptor - STEP DONE: I received the token
  &amp#27;[32mAnd &amp#27;[0m&amp#27;[32mI received the token&amp#27;[0m                    &amp#27;[90m# starter.stepdefinitions.Authentication.LoginSteps.iReceivedTheToken()&amp#27;[0m
11:43:26.520 [main] INFO  - 
  _____   ___   ___   _____     ___     _     ___   ___   ___   ___  
 |_   _| | __| / __| |_   _|   | _ \   /_\   / __| / __| | __| |   \ 
   | |   | _|  \__ \   | |     |  _/  / _ \  \__ \ \__ \ | _|  | |) |
   |_|   |___| |___/   |_|     |_|   /_/ \_\ |___/ |___/ |___| |___/ 

POST - As admin I can login
----------------------------------------------------------------------
]]></system-out>
  </testcase>
  <testcase name="GET - Cashier get categories &amp; items with valid endpoint input" classname="User #2" time="0.651">
    <failure type="java.lang.AssertionError"><![CDATA[java.lang.AssertionError: 
1 expectation failed.
Expected status code <200> but was <401>.

]]></failure>
    <system-out><![CDATA[11:43:26.560 [main] INFO io.cucumber.core.plugin.SerenityReporter - Running feature from file:///E:/SEMESTER%20VI/KAMPUS%20MERDEKA/capstone-pos/automation/api-automation/src/test/resources/api/Cashier/Cashier.feature
11:43:26.560 [main] WARN io.cucumber.core.plugin.SerenityReporter - Feature from file:///E:/SEMESTER%20VI/KAMPUS%20MERDEKA/capstone-pos/automation/api-automation/src/test/resources/api/Cashier/Cashier.feature is not under the 'features' directory. Requirements report will not be correctly generated!
11:43:26.594 [main] DEBUG net.thucydides.core.steps.StepEventBus - Test suite started for story net.thucydides.core.model.Story@798eebd5
11:43:26.596 [main] INFO  - Test Suite Started: User

@GetCategoryItem
Scenario: GET - Cashier get categories & items with valid endpoint input &amp#27;[90m# src/test/resources/api/Cashier/Cashier.feature:7&amp#27;[0m
11:43:26.617 [main] INFO io.cucumber.core.plugin.SerenityReporter - Running feature from file:///E:/SEMESTER%20VI/KAMPUS%20MERDEKA/capstone-pos/automation/api-automation/src/test/resources/api/Cashier/Cashier.feature
11:43:26.618 [main] WARN io.cucumber.core.plugin.SerenityReporter - Feature from file:///E:/SEMESTER%20VI/KAMPUS%20MERDEKA/capstone-pos/automation/api-automation/src/test/resources/api/Cashier/Cashier.feature is not under the 'features' directory. Requirements report will not be correctly generated!
11:43:26.625 [main] INFO  - 
  _____   ___   ___   _____     ___   _____     _     ___   _____   ___   ___  
 |_   _| | __| / __| |_   _|   / __| |_   _|   /_\   | _ \ |_   _| | __| |   \ 
   | |   | _|  \__ \   | |     \__ \   | |    / _ \  |   /   | |   | _|  | |) |
   |_|   |___| |___/   |_|     |___/   |_|   /_/ \_\ |_|_\   |_|   |___| |___/ 

GET - Cashier get categories & items with valid endpoint input(user;get---cashier-get-categories-&-items-with-valid-endpoint-input)
--------------------------------------------------------------------------------
11:43:26.690 [main] DEBUG net.thucydides.core.steps.StepInterceptor - STARTING STEP: GetCategoriesItemSteps.cashierHasApiEndpointGetCategoriesItems - cashier has api endpoint get categories & items
11:43:26.691 [main] DEBUG net.thucydides.core.steps.StepInterceptor - STEP DONE: cashier has api endpoint get categories & items
  &amp#27;[32mGiven &amp#27;[0m&amp#27;[32mcashier has api endpoint get categories & items&amp#27;[0m                  &amp#27;[90m# starter.stepdefinitions.Cashier.GetCategoriesItemSteps.cashierHasApiEndpointGetCategoriesItems()&amp#27;[0m
11:43:26.705 [main] DEBUG net.thucydides.core.steps.StepInterceptor - STARTING STEP: GetCategoriesItemSteps.cashierSendHTTPRequestGetCategoriesItems - cashier send HTTP request get categories & items
11:43:26.712 [main] DEBUG net.thucydides.core.steps.StepInterceptor - STARTING STEP: GetCategoriesItemPage.cashierSendHTTPRequestGetCategoriesItems - cashier has api endpoint get categories & items
11:43:26.713 [main] DEBUG net.thucydides.core.steps.StepInterceptor - STEP DONE: cashier has api endpoint get categories & items
11:43:26.845 [main] DEBUG org.apache.http.impl.conn.BasicClientConnectionManager - Get connection for route {}->http://128.199.206.32:8000
11:43:26.846 [main] DEBUG org.apache.http.impl.conn.DefaultClientConnectionOperator - Connecting to 128.199.206.32:8000
11:43:26.879 [main] DEBUG org.apache.http.client.protocol.RequestAddCookies - CookieSpec selected: ignoreCookies
11:43:26.879 [main] DEBUG org.apache.http.client.protocol.RequestAuthCache - Auth cache not set in the context
11:43:26.880 [main] DEBUG org.apache.http.client.protocol.RequestProxyAuthentication - Proxy auth state: UNCHALLENGED
11:43:26.880 [main] DEBUG org.apache.http.impl.client.DefaultHttpClient - Attempt 1 to execute request
11:43:26.880 [main] DEBUG org.apache.http.impl.conn.DefaultClientConnection - Sending request: GET /api/v1/cashier/order?category=Minuman&limit=10&page=1 HTTP/1.1
11:43:26.880 [main] DEBUG org.apache.http.wire -  >> "GET /api/v1/cashier/order?category=Minuman&limit=10&page=1 HTTP/1.1[\r][\n]"
11:43:26.881 [main] DEBUG org.apache.http.wire -  >> "Authorization: Bearer eyJhbGciOiJIUzI1NiIsInR5cCI6IkpXVCJ9.eyJpZCI6MzQsImV4cCI6MTY4Njg2NTM3M30.XXx9VDANJ3A8luhwJor5MXbFPmxd5Z0SK_ISIjZ6MXs[\r][\n]"
11:43:26.881 [main] DEBUG org.apache.http.wire -  >> "Accept: */*[\r][\n]"
11:43:26.881 [main] DEBUG org.apache.http.wire -  >> "Host: 128.199.206.32:8000[\r][\n]"
11:43:26.881 [main] DEBUG org.apache.http.wire -  >> "Connection: Keep-Alive[\r][\n]"
11:43:26.881 [main] DEBUG org.apache.http.wire -  >> "User-Agent: Apache-HttpClient/4.5.13 (Java/1.8.0_351)[\r][\n]"
11:43:26.881 [main] DEBUG org.apache.http.wire -  >> "Accept-Encoding: gzip,deflate[\r][\n]"
11:43:26.882 [main] DEBUG org.apache.http.wire -  >> "[\r][\n]"
11:43:26.882 [main] DEBUG org.apache.http.headers - >> GET /api/v1/cashier/order?category=Minuman&limit=10&page=1 HTTP/1.1
11:43:26.882 [main] DEBUG org.apache.http.headers - >> Authorization: Bearer eyJhbGciOiJIUzI1NiIsInR5cCI6IkpXVCJ9.eyJpZCI6MzQsImV4cCI6MTY4Njg2NTM3M30.XXx9VDANJ3A8luhwJor5MXbFPmxd5Z0SK_ISIjZ6MXs
11:43:26.882 [main] DEBUG org.apache.http.headers - >> Accept: */*
11:43:26.883 [main] DEBUG org.apache.http.headers - >> Host: 128.199.206.32:8000
11:43:26.893 [main] DEBUG org.apache.http.headers - >> Connection: Keep-Alive
11:43:26.893 [main] DEBUG org.apache.http.headers - >> User-Agent: Apache-HttpClient/4.5.13 (Java/1.8.0_351)
11:43:26.893 [main] DEBUG org.apache.http.headers - >> Accept-Encoding: gzip,deflate
11:43:26.922 [main] DEBUG org.apache.http.wire -  << "HTTP/1.1 401 Unauthorized[\r][\n]"
11:43:26.922 [main] DEBUG org.apache.http.wire -  << "Content-Type: application/json; charset=UTF-8[\r][\n]"
11:43:26.922 [main] DEBUG org.apache.http.wire -  << "Vary: Origin[\r][\n]"
11:43:26.922 [main] DEBUG org.apache.http.wire -  << "Date: Fri, 16 Jun 2023 04:43:27 GMT[\r][\n]"
11:43:26.922 [main] DEBUG org.apache.http.wire -  << "Content-Length: 42[\r][\n]"
11:43:26.923 [main] DEBUG org.apache.http.wire -  << "[\r][\n]"
11:43:26.923 [main] DEBUG org.apache.http.impl.conn.DefaultClientConnection - Receiving response: HTTP/1.1 401 Unauthorized
11:43:26.923 [main] DEBUG org.apache.http.headers - << HTTP/1.1 401 Unauthorized
11:43:26.923 [main] DEBUG org.apache.http.headers - << Content-Type: application/json; charset=UTF-8
11:43:26.923 [main] DEBUG org.apache.http.headers - << Vary: Origin
11:43:26.923 [main] DEBUG org.apache.http.headers - << Date: Fri, 16 Jun 2023 04:43:27 GMT
11:43:26.923 [main] DEBUG org.apache.http.headers - << Content-Length: 42
11:43:26.923 [main] DEBUG org.apache.http.impl.client.DefaultHttpClient - Connection can be kept alive indefinitely
11:43:26.924 [main] DEBUG org.apache.http.impl.client.DefaultHttpClient - Authentication required
11:43:26.924 [main] DEBUG org.apache.http.impl.client.DefaultHttpClient - 128.199.206.32:8000 requested authentication
11:43:26.924 [main] DEBUG org.apache.http.impl.client.DefaultHttpClient - Response contains no authentication challenges
11:43:26.924 [main] DEBUG io.restassured.internal.RestAssuredHttpBuilder - Parsing response as: application/json; charset=UTF-8
11:43:26.924 [main] DEBUG io.restassured.internal.RestAssuredHttpBuilder - Parsed data to instance of: class org.apache.http.conn.EofSensorInputStream
11:43:26.927 [main] DEBUG org.apache.http.wire -  << "{"message":"token is expired by 7h0m34s"}[\n]"
11:43:26.927 [main] DEBUG org.apache.http.impl.conn.BasicClientConnectionManager - Releasing connection org.apache.http.impl.conn.ManagedClientConnectionImpl@6d0e45a5
11:43:26.927 [main] DEBUG org.apache.http.impl.conn.BasicClientConnectionManager - Connection can be kept alive indefinitely
11:43:26.928 [main] DEBUG net.thucydides.core.steps.StepInterceptor - STEP DONE: cashier send HTTP request get categories & items
  &amp#27;[32mWhen &amp#27;[0m&amp#27;[32mcashier send HTTP request get categories & items&amp#27;[0m                  &amp#27;[90m# starter.stepdefinitions.Cashier.GetCategoriesItemSteps.cashierSendHTTPRequestGetCategoriesItems()&amp#27;[0m
11:43:26.940 [main] DEBUG net.thucydides.core.steps.StepInterceptor - STARTING STEP: GetCategoriesItemSteps.cashierReceiveResponseCode - cashier receive response code 200
  &amp#27;[31mThen &amp#27;[0m&amp#27;[31mcashier receive response code 200&amp#27;[0m                                 &amp#27;[90m# starter.stepdefinitions.Cashier.GetCategoriesItemSteps.cashierReceiveResponseCode()&amp#27;[0m
      &amp#27;[31mjava.lang.AssertionError: 1 expectation failed.
Expected status code <200> but was <401>.

	at sun.reflect.NativeConstructorAccessorImpl.newInstance0(Native Method)
	at sun.reflect.NativeConstructorAccessorImpl.newInstance(NativeConstructorAccessorImpl.java:62)
	at sun.reflect.DelegatingConstructorAccessorImpl.newInstance(DelegatingConstructorAccessorImpl.java:45)
	at java.lang.reflect.Constructor.newInstance(Constructor.java:423)
	at org.codehaus.groovy.reflection.CachedConstructor.invoke(CachedConstructor.java:73)
	at org.codehaus.groovy.reflection.CachedConstructor.doConstructorInvoke(CachedConstructor.java:60)
	at org.codehaus.groovy.runtime.callsite.ConstructorSite$ConstructorSiteNoUnwrap.callConstructor(ConstructorSite.java:86)
	at org.codehaus.groovy.runtime.callsite.CallSiteArray.defaultCallConstructor(CallSiteArray.java:57)
	at org.codehaus.groovy.runtime.callsite.AbstractCallSite.callConstructor(AbstractCallSite.java:263)
	at org.codehaus.groovy.runtime.callsite.AbstractCallSite.callConstructor(AbstractCallSite.java:277)
	at io.restassured.internal.ResponseSpecificationImpl$HamcrestAssertionClosure.validate(ResponseSpecificationImpl.groovy:512)
	at io.restassured.internal.ResponseSpecificationImpl$HamcrestAssertionClosure$validate$1.call(Unknown Source)
	at io.restassured.internal.ResponseSpecificationImpl.validateResponseIfRequired(ResponseSpecificationImpl.groovy:696)
	at io.restassured.internal.ResponseSpecificationImpl.this$2$validateResponseIfRequired(ResponseSpecificationImpl.groovy)
	at sun.reflect.NativeMethodAccessorImpl.invoke0(Native Method)
	at sun.reflect.NativeMethodAccessorImpl.invoke(NativeMethodAccessorImpl.java:62)
	at sun.reflect.DelegatingMethodAccessorImpl.invoke(DelegatingMethodAccessorImpl.java:43)
	at java.lang.reflect.Method.invoke(Method.java:498)
	at org.codehaus.groovy.runtime.callsite.PlainObjectMetaMethodSite.doInvoke(PlainObjectMetaMethodSite.java:43)
	at org.codehaus.groovy.runtime.callsite.PogoMetaMethodSite$PogoCachedMethodSiteNoUnwrapNoCoerce.invoke(PogoMetaMethodSite.java:198)
	at org.codehaus.groovy.runtime.callsite.PogoMetaMethodSite.callCurrent(PogoMetaMethodSite.java:62)
	at org.codehaus.groovy.runtime.callsite.AbstractCallSite.callCurrent(AbstractCallSite.java:185)
	at io.restassured.internal.ResponseSpecificationImpl.statusCode(ResponseSpecificationImpl.groovy:135)
	at io.restassured.specification.ResponseSpecification$statusCode$0.callCurrent(Unknown Source)
	at io.restassured.internal.ResponseSpecificationImpl.statusCode(ResponseSpecificationImpl.groovy:143)
	at io.restassured.internal.ValidatableResponseOptionsImpl.statusCode(ValidatableResponseOptionsImpl.java:89)
	at starter.user.Cashier.GetCategoriesItemPage.lambda$cashierReceiveResponseCode200$0(GetCategoriesItemPage.java:22)
	at net.serenitybdd.rest.SerenityRest.restAssuredThat(SerenityRest.java:626)
	at starter.user.Cashier.GetCategoriesItemPage.cashierReceiveResponseCode200(GetCategoriesItemPage.java:22)
	at starter.user.Cashier.GetCategoriesItemPage$ByteBuddy$LP7ct8ga.cashierReceiveResponseCode200$accessor$8kFAzPfI(Unknown Source)
	at sun.reflect.NativeMethodAccessorImpl.invoke0(Native Method)
	at sun.reflect.NativeMethodAccessorImpl.invoke(NativeMethodAccessorImpl.java:62)
	at sun.reflect.DelegatingMethodAccessorImpl.invoke(DelegatingMethodAccessorImpl.java:43)
	at java.lang.reflect.Method.invoke(Method.java:498)
	at net.thucydides.core.steps.StepInterceptor.invokeMethod(StepInterceptor.java:518)
	at net.thucydides.core.steps.StepInterceptor.executeTestStepMethod(StepInterceptor.java:498)
	at net.thucydides.core.steps.StepInterceptor.runTestStep(StepInterceptor.java:472)
	at net.thucydides.core.steps.StepInterceptor.runOrSkipMethod(StepInterceptor.java:211)
	at net.thucydides.core.steps.StepInterceptor.testStepResult(StepInterceptor.java:198)
	at net.thucydides.core.steps.StepInterceptor.intercept(StepInterceptor.java:86)
	at net.thucydides.core.steps.ProxyConfiguration$InterceptorDispatcher.intercept(ProxyConfiguration.java:51)
	at starter.user.Cashier.GetCategoriesItemPage$ByteBuddy$LP7ct8ga.cashierReceiveResponseCode200(Unknown Source)
	at starter.stepdefinitions.Cashier.GetCategoriesItemSteps.cashierReceiveResponseCode(GetCategoriesItemSteps.java:25)
	at âœ½.cashier receive response code 200(file:///E:/SEMESTER%20VI/KAMPUS%20MERDEKA/capstone-pos/automation/api-automation/src/test/resources/api/Cashier/Cashier.feature:10)
&amp#27;[0m
  &amp#27;[36mAnd &amp#27;[0m&amp#27;[36mcashier validate response body get categories & items&amp#27;[0m              &amp#27;[90m# starter.stepdefinitions.Cashier.GetCategoriesItemSteps.cashierValidateResponseBodyGetCategoriesItems()&amp#27;[0m
11:43:27.063 [main] ERROR  - 
  _____   ___   ___   _____     ___     _     ___   _      ___   ___  
 |_   _| | __| / __| |_   _|   | __|   /_\   |_ _| | |    | __| |   \ 
   | |   | _|  \__ \   | |     | _|   / _ \   | |  | |__  | _|  | |) |
   |_|   |___| |___/   |_|     |_|   /_/ \_\ |___| |____| |___| |___/ 

GET - Cashier get categories & items with valid endpoint input
-----------------------------------------------------------------------
11:43:27.067 [main] DEBUG  - RELATED ISSUES: 
11:43:27.225 [main] ERROR  -     Test failed at step: cashier receive response code 200
11:43:27.225 [main] ERROR  -     1 expectation failed.Expected status code <200> but was <401>.
]]></system-out>
  </testcase>
  <testcase name="GET - Cashier get search item by name with valid endpoint input" classname="User #2" time="0.417">
    <failure type="java.lang.AssertionError"><![CDATA[java.lang.AssertionError: 
1 expectation failed.
Expected status code <200> but was <401>.

]]></failure>
    <system-out><![CDATA[
@GetSearchItemByName
Scenario: GET - Cashier get search item by name with valid endpoint input &amp#27;[90m# src/test/resources/api/Cashier/Cashier.feature:14&amp#27;[0m
11:43:27.281 [main] INFO io.cucumber.core.plugin.SerenityReporter - Running feature from file:///E:/SEMESTER%20VI/KAMPUS%20MERDEKA/capstone-pos/automation/api-automation/src/test/resources/api/Cashier/Cashier.feature
11:43:27.282 [main] WARN io.cucumber.core.plugin.SerenityReporter - Feature from file:///E:/SEMESTER%20VI/KAMPUS%20MERDEKA/capstone-pos/automation/api-automation/src/test/resources/api/Cashier/Cashier.feature is not under the 'features' directory. Requirements report will not be correctly generated!
11:43:27.291 [main] INFO  - 
  _____   ___   ___   _____     ___   _____     _     ___   _____   ___   ___  
 |_   _| | __| / __| |_   _|   / __| |_   _|   /_\   | _ \ |_   _| | __| |   \ 
   | |   | _|  \__ \   | |     \__ \   | |    / _ \  |   /   | |   | _|  | |) |
   |_|   |___| |___/   |_|     |___/   |_|   /_/ \_\ |_|_\   |_|   |___| |___/ 

GET - Cashier get search item by name with valid endpoint input(user;get---cashier-get-search-item-by-name-with-valid-endpoint-input)
--------------------------------------------------------------------------------
11:43:27.362 [main] DEBUG net.thucydides.core.steps.StepInterceptor - STARTING STEP: GetSearchItemByNameSteps.cashierHasApiEndpointGetSearchItemByName - cashier has api endpoint get search item by name
11:43:27.364 [main] DEBUG net.thucydides.core.steps.StepInterceptor - STEP DONE: cashier has api endpoint get search item by name
  &amp#27;[32mGiven &amp#27;[0m&amp#27;[32mcashier has api endpoint get search item by name&amp#27;[0m                  &amp#27;[90m# starter.stepdefinitions.Cashier.GetSearchItemByNameSteps.cashierHasApiEndpointGetSearchItemByName()&amp#27;[0m
11:43:27.381 [main] DEBUG net.thucydides.core.steps.StepInterceptor - STARTING STEP: GetSearchItemByNameSteps.cashierSendHTTPRequestGetSearchItemByName - cashier send HTTP request get search item by name
11:43:27.385 [main] DEBUG net.thucydides.core.steps.StepInterceptor - STARTING STEP: GetSearchItemByNamePage.cashierSendHTTPRequestGetSearchItemByName - cashier has api endpoint get search item by name
11:43:27.385 [main] DEBUG net.thucydides.core.steps.StepInterceptor - STEP DONE: cashier has api endpoint get search item by name
11:43:27.462 [main] DEBUG org.apache.http.impl.conn.BasicClientConnectionManager - Get connection for route {}->http://128.199.206.32:8000
11:43:27.463 [main] DEBUG org.apache.http.impl.conn.DefaultClientConnectionOperator - Connecting to 128.199.206.32:8000
11:43:27.492 [main] DEBUG org.apache.http.client.protocol.RequestAddCookies - CookieSpec selected: ignoreCookies
11:43:27.494 [main] DEBUG org.apache.http.client.protocol.RequestAuthCache - Auth cache not set in the context
11:43:27.494 [main] DEBUG org.apache.http.client.protocol.RequestProxyAuthentication - Proxy auth state: UNCHALLENGED
11:43:27.494 [main] DEBUG org.apache.http.impl.client.DefaultHttpClient - Attempt 1 to execute request
11:43:27.494 [main] DEBUG org.apache.http.impl.conn.DefaultClientConnection - Sending request: GET /api/v1/cashier/order/search?name=Taro HTTP/1.1
11:43:27.495 [main] DEBUG org.apache.http.wire -  >> "GET /api/v1/cashier/order/search?name=Taro HTTP/1.1[\r][\n]"
11:43:27.495 [main] DEBUG org.apache.http.wire -  >> "Authorization: Bearer eyJhbGciOiJIUzI1NiIsInR5cCI6IkpXVCJ9.eyJpZCI6MzQsImV4cCI6MTY4Njg2NTM3M30.XXx9VDANJ3A8luhwJor5MXbFPmxd5Z0SK_ISIjZ6MXs[\r][\n]"
11:43:27.495 [main] DEBUG org.apache.http.wire -  >> "Accept: */*[\r][\n]"
11:43:27.495 [main] DEBUG org.apache.http.wire -  >> "Host: 128.199.206.32:8000[\r][\n]"
11:43:27.495 [main] DEBUG org.apache.http.wire -  >> "Connection: Keep-Alive[\r][\n]"
11:43:27.495 [main] DEBUG org.apache.http.wire -  >> "User-Agent: Apache-HttpClient/4.5.13 (Java/1.8.0_351)[\r][\n]"
11:43:27.495 [main] DEBUG org.apache.http.wire -  >> "Accept-Encoding: gzip,deflate[\r][\n]"
11:43:27.495 [main] DEBUG org.apache.http.wire -  >> "[\r][\n]"
11:43:27.496 [main] DEBUG org.apache.http.headers - >> GET /api/v1/cashier/order/search?name=Taro HTTP/1.1
11:43:27.496 [main] DEBUG org.apache.http.headers - >> Authorization: Bearer eyJhbGciOiJIUzI1NiIsInR5cCI6IkpXVCJ9.eyJpZCI6MzQsImV4cCI6MTY4Njg2NTM3M30.XXx9VDANJ3A8luhwJor5MXbFPmxd5Z0SK_ISIjZ6MXs
11:43:27.496 [main] DEBUG org.apache.http.headers - >> Accept: */*
11:43:27.496 [main] DEBUG org.apache.http.headers - >> Host: 128.199.206.32:8000
11:43:27.496 [main] DEBUG org.apache.http.headers - >> Connection: Keep-Alive
11:43:27.496 [main] DEBUG org.apache.http.headers - >> User-Agent: Apache-HttpClient/4.5.13 (Java/1.8.0_351)
11:43:27.496 [main] DEBUG org.apache.http.headers - >> Accept-Encoding: gzip,deflate
11:43:27.527 [main] DEBUG org.apache.http.wire -  << "HTTP/1.1 401 Unauthorized[\r][\n]"
11:43:27.528 [main] DEBUG org.apache.http.wire -  << "Content-Type: application/json; charset=UTF-8[\r][\n]"
11:43:27.528 [main] DEBUG org.apache.http.wire -  << "Vary: Origin[\r][\n]"
11:43:27.528 [main] DEBUG org.apache.http.wire -  << "Date: Fri, 16 Jun 2023 04:43:27 GMT[\r][\n]"
11:43:27.528 [main] DEBUG org.apache.http.wire -  << "Content-Length: 42[\r][\n]"
11:43:27.528 [main] DEBUG org.apache.http.wire -  << "[\r][\n]"
11:43:27.528 [main] DEBUG org.apache.http.impl.conn.DefaultClientConnection - Receiving response: HTTP/1.1 401 Unauthorized
11:43:27.528 [main] DEBUG org.apache.http.headers - << HTTP/1.1 401 Unauthorized
11:43:27.528 [main] DEBUG org.apache.http.headers - << Content-Type: application/json; charset=UTF-8
11:43:27.528 [main] DEBUG org.apache.http.headers - << Vary: Origin
11:43:27.528 [main] DEBUG org.apache.http.headers - << Date: Fri, 16 Jun 2023 04:43:27 GMT
11:43:27.528 [main] DEBUG org.apache.http.headers - << Content-Length: 42
11:43:27.529 [main] DEBUG org.apache.http.impl.client.DefaultHttpClient - Connection can be kept alive indefinitely
11:43:27.529 [main] DEBUG org.apache.http.impl.client.DefaultHttpClient - Authentication required
11:43:27.529 [main] DEBUG org.apache.http.impl.client.DefaultHttpClient - 128.199.206.32:8000 requested authentication
11:43:27.529 [main] DEBUG org.apache.http.impl.client.DefaultHttpClient - Response contains no authentication challenges
11:43:27.529 [main] DEBUG io.restassured.internal.RestAssuredHttpBuilder - Parsing response as: application/json; charset=UTF-8
11:43:27.529 [main] DEBUG io.restassured.internal.RestAssuredHttpBuilder - Parsed data to instance of: class org.apache.http.conn.EofSensorInputStream
11:43:27.533 [main] DEBUG org.apache.http.wire -  << "{"message":"token is expired by 7h0m34s"}[\n]"
11:43:27.534 [main] DEBUG org.apache.http.impl.conn.BasicClientConnectionManager - Releasing connection org.apache.http.impl.conn.ManagedClientConnectionImpl@99a8de3
11:43:27.534 [main] DEBUG org.apache.http.impl.conn.BasicClientConnectionManager - Connection can be kept alive indefinitely
11:43:27.535 [main] DEBUG net.thucydides.core.steps.StepInterceptor - STEP DONE: cashier send HTTP request get search item by name
  &amp#27;[32mWhen &amp#27;[0m&amp#27;[32mcashier send HTTP request get search item by name&amp#27;[0m                  &amp#27;[90m# starter.stepdefinitions.Cashier.GetSearchItemByNameSteps.cashierSendHTTPRequestGetSearchItemByName()&amp#27;[0m
11:43:27.587 [main] DEBUG net.thucydides.core.steps.StepInterceptor - STARTING STEP: GetCategoriesItemSteps.cashierReceiveResponseCode - cashier receive response code 200
  &amp#27;[31mThen &amp#27;[0m&amp#27;[31mcashier receive response code 200&amp#27;[0m                                  &amp#27;[90m# starter.stepdefinitions.Cashier.GetCategoriesItemSteps.cashierReceiveResponseCode()&amp#27;[0m
      &amp#27;[31mjava.lang.AssertionError: 1 expectation failed.
Expected status code <200> but was <401>.

	at sun.reflect.NativeConstructorAccessorImpl.newInstance0(Native Method)
	at sun.reflect.NativeConstructorAccessorImpl.newInstance(NativeConstructorAccessorImpl.java:62)
	at sun.reflect.DelegatingConstructorAccessorImpl.newInstance(DelegatingConstructorAccessorImpl.java:45)
	at java.lang.reflect.Constructor.newInstance(Constructor.java:423)
	at org.codehaus.groovy.reflection.CachedConstructor.invoke(CachedConstructor.java:73)
	at org.codehaus.groovy.reflection.CachedConstructor.doConstructorInvoke(CachedConstructor.java:60)
	at org.codehaus.groovy.runtime.callsite.ConstructorSite$ConstructorSiteNoUnwrap.callConstructor(ConstructorSite.java:86)
	at org.codehaus.groovy.runtime.callsite.AbstractCallSite.callConstructor(AbstractCallSite.java:277)
	at io.restassured.internal.ResponseSpecificationImpl$HamcrestAssertionClosure.validate(ResponseSpecificationImpl.groovy:512)
	at io.restassured.internal.ResponseSpecificationImpl$HamcrestAssertionClosure$validate$1.call(Unknown Source)
	at io.restassured.internal.ResponseSpecificationImpl.validateResponseIfRequired(ResponseSpecificationImpl.groovy:696)
	at io.restassured.internal.ResponseSpecificationImpl.this$2$validateResponseIfRequired(ResponseSpecificationImpl.groovy)
	at sun.reflect.NativeMethodAccessorImpl.invoke0(Native Method)
	at sun.reflect.NativeMethodAccessorImpl.invoke(NativeMethodAccessorImpl.java:62)
	at sun.reflect.DelegatingMethodAccessorImpl.invoke(DelegatingMethodAccessorImpl.java:43)
	at java.lang.reflect.Method.invoke(Method.java:498)
	at org.codehaus.groovy.runtime.callsite.PlainObjectMetaMethodSite.doInvoke(PlainObjectMetaMethodSite.java:43)
	at org.codehaus.groovy.runtime.callsite.PogoMetaMethodSite$PogoCachedMethodSiteNoUnwrapNoCoerce.invoke(PogoMetaMethodSite.java:198)
	at org.codehaus.groovy.runtime.callsite.PogoMetaMethodSite.callCurrent(PogoMetaMethodSite.java:62)
	at org.codehaus.groovy.runtime.callsite.AbstractCallSite.callCurrent(AbstractCallSite.java:185)
	at io.restassured.internal.ResponseSpecificationImpl.statusCode(ResponseSpecificationImpl.groovy:135)
	at io.restassured.specification.ResponseSpecification$statusCode$0.callCurrent(Unknown Source)
	at io.restassured.internal.ResponseSpecificationImpl.statusCode(ResponseSpecificationImpl.groovy:143)
	at io.restassured.internal.ValidatableResponseOptionsImpl.statusCode(ValidatableResponseOptionsImpl.java:89)
	at starter.user.Cashier.GetCategoriesItemPage.lambda$cashierReceiveResponseCode200$0(GetCategoriesItemPage.java:22)
	at net.serenitybdd.rest.SerenityRest.restAssuredThat(SerenityRest.java:626)
	at starter.user.Cashier.GetCategoriesItemPage.cashierReceiveResponseCode200(GetCategoriesItemPage.java:22)
	at starter.user.Cashier.GetCategoriesItemPage$ByteBuddy$LP7ct8ga.cashierReceiveResponseCode200$accessor$8kFAzPfI(Unknown Source)
	at sun.reflect.NativeMethodAccessorImpl.invoke0(Native Method)
	at sun.reflect.NativeMethodAccessorImpl.invoke(NativeMethodAccessorImpl.java:62)
	at sun.reflect.DelegatingMethodAccessorImpl.invoke(DelegatingMethodAccessorImpl.java:43)
	at java.lang.reflect.Method.invoke(Method.java:498)
	at net.thucydides.core.steps.StepInterceptor.invokeMethod(StepInterceptor.java:518)
	at net.thucydides.core.steps.StepInterceptor.executeTestStepMethod(StepInterceptor.java:498)
	at net.thucydides.core.steps.StepInterceptor.runTestStep(StepInterceptor.java:472)
	at net.thucydides.core.steps.StepInterceptor.runOrSkipMethod(StepInterceptor.java:211)
	at net.thucydides.core.steps.StepInterceptor.testStepResult(StepInterceptor.java:198)
	at net.thucydides.core.steps.StepInterceptor.intercept(StepInterceptor.java:86)
	at net.thucydides.core.steps.ProxyConfiguration$InterceptorDispatcher.intercept(ProxyConfiguration.java:51)
	at starter.user.Cashier.GetCategoriesItemPage$ByteBuddy$LP7ct8ga.cashierReceiveResponseCode200(Unknown Source)
	at starter.stepdefinitions.Cashier.GetCategoriesItemSteps.cashierReceiveResponseCode(GetCategoriesItemSteps.java:25)
	at âœ½.cashier receive response code 200(file:///E:/SEMESTER%20VI/KAMPUS%20MERDEKA/capstone-pos/automation/api-automation/src/test/resources/api/Cashier/Cashier.feature:17)
&amp#27;[0m
  &amp#27;[36mAnd &amp#27;[0m&amp#27;[36mcashier validate response body get search item by name&amp#27;[0m              &amp#27;[90m# starter.stepdefinitions.Cashier.GetSearchItemByNameSteps.cashierValidateResponseBodyGetSearchItemByName()&amp#27;[0m
11:43:27.650 [main] ERROR  - 
  _____   ___   ___   _____     ___     _     ___   _      ___   ___  
 |_   _| | __| / __| |_   _|   | __|   /_\   |_ _| | |    | __| |   \ 
   | |   | _|  \__ \   | |     | _|   / _ \   | |  | |__  | _|  | |) |
   |_|   |___| |___/   |_|     |_|   /_/ \_\ |___| |____| |___| |___/ 

GET - Cashier get search item by name with valid endpoint input
-----------------------------------------------------------------------
11:43:27.650 [main] DEBUG  - RELATED ISSUES: 
11:43:27.651 [main] ERROR  -     Test failed at step: cashier receive response code 200
11:43:27.666 [main] ERROR  -     1 expectation failed.Expected status code <200> but was <401>.
]]></system-out>
  </testcase>
  <testcase name="GET - Cashier get search item by id with valid endpoint input" classname="User #2" time="0.424">
    <failure type="java.lang.AssertionError"><![CDATA[java.lang.AssertionError: 
1 expectation failed.
Expected status code <200> but was <401>.

]]></failure>
    <system-out><![CDATA[
@GetSearchItemById
Scenario: GET - Cashier get search item by id with valid endpoint input &amp#27;[90m# src/test/resources/api/Cashier/Cashier.feature:21&amp#27;[0m
11:43:27.712 [main] INFO io.cucumber.core.plugin.SerenityReporter - Running feature from file:///E:/SEMESTER%20VI/KAMPUS%20MERDEKA/capstone-pos/automation/api-automation/src/test/resources/api/Cashier/Cashier.feature
11:43:27.713 [main] WARN io.cucumber.core.plugin.SerenityReporter - Feature from file:///E:/SEMESTER%20VI/KAMPUS%20MERDEKA/capstone-pos/automation/api-automation/src/test/resources/api/Cashier/Cashier.feature is not under the 'features' directory. Requirements report will not be correctly generated!
11:43:27.717 [main] INFO  - 
  _____   ___   ___   _____     ___   _____     _     ___   _____   ___   ___  
 |_   _| | __| / __| |_   _|   / __| |_   _|   /_\   | _ \ |_   _| | __| |   \ 
   | |   | _|  \__ \   | |     \__ \   | |    / _ \  |   /   | |   | _|  | |) |
   |_|   |___| |___/   |_|     |___/   |_|   /_/ \_\ |_|_\   |_|   |___| |___/ 

GET - Cashier get search item by id with valid endpoint input(user;get---cashier-get-search-item-by-id-with-valid-endpoint-input)
--------------------------------------------------------------------------------
11:43:27.768 [main] DEBUG net.thucydides.core.steps.StepInterceptor - STARTING STEP: GetSearchItemByIdSteps.cashierHasApiEndpointGetSearchItemById - cashier has api endpoint get search item by id
11:43:27.768 [main] DEBUG net.thucydides.core.steps.StepInterceptor - STEP DONE: cashier has api endpoint get search item by id
  &amp#27;[32mGiven &amp#27;[0m&amp#27;[32mcashier has api endpoint get search item by id&amp#27;[0m                  &amp#27;[90m# starter.stepdefinitions.Cashier.GetSearchItemByIdSteps.cashierHasApiEndpointGetSearchItemById()&amp#27;[0m
11:43:27.776 [main] DEBUG net.thucydides.core.steps.StepInterceptor - STARTING STEP: GetSearchItemByIdSteps.cashierSendHTTPRequestGetSearchItemById - cashier send HTTP request get search item by id
11:43:27.780 [main] DEBUG net.thucydides.core.steps.StepInterceptor - STARTING STEP: GetSearchItemByIdPage.cashierSendHTTPRequestGetSearchItemById - cashier has api endpoint get search item by id
11:43:27.780 [main] DEBUG net.thucydides.core.steps.StepInterceptor - STEP DONE: cashier has api endpoint get search item by id
11:43:27.866 [main] DEBUG org.apache.http.impl.conn.BasicClientConnectionManager - Get connection for route {}->http://128.199.206.32:8000
11:43:27.866 [main] DEBUG org.apache.http.impl.conn.DefaultClientConnectionOperator - Connecting to 128.199.206.32:8000
11:43:27.895 [main] DEBUG org.apache.http.client.protocol.RequestAddCookies - CookieSpec selected: ignoreCookies
11:43:27.895 [main] DEBUG org.apache.http.client.protocol.RequestAuthCache - Auth cache not set in the context
11:43:27.895 [main] DEBUG org.apache.http.client.protocol.RequestProxyAuthentication - Proxy auth state: UNCHALLENGED
11:43:27.895 [main] DEBUG org.apache.http.impl.client.DefaultHttpClient - Attempt 1 to execute request
11:43:27.895 [main] DEBUG org.apache.http.impl.conn.DefaultClientConnection - Sending request: GET /api/v1/cashier/order/item/71 HTTP/1.1
11:43:27.912 [main] DEBUG org.apache.http.wire -  >> "GET /api/v1/cashier/order/item/71 HTTP/1.1[\r][\n]"
11:43:27.912 [main] DEBUG org.apache.http.wire -  >> "Authorization: Bearer eyJhbGciOiJIUzI1NiIsInR5cCI6IkpXVCJ9.eyJpZCI6MzQsImV4cCI6MTY4Njg2NTM3M30.XXx9VDANJ3A8luhwJor5MXbFPmxd5Z0SK_ISIjZ6MXs[\r][\n]"
11:43:27.924 [main] DEBUG org.apache.http.wire -  >> "Accept: */*[\r][\n]"
11:43:27.925 [main] DEBUG org.apache.http.wire -  >> "Host: 128.199.206.32:8000[\r][\n]"
11:43:27.925 [main] DEBUG org.apache.http.wire -  >> "Connection: Keep-Alive[\r][\n]"
11:43:27.926 [main] DEBUG org.apache.http.wire -  >> "User-Agent: Apache-HttpClient/4.5.13 (Java/1.8.0_351)[\r][\n]"
11:43:27.926 [main] DEBUG org.apache.http.wire -  >> "Accept-Encoding: gzip,deflate[\r][\n]"
11:43:27.926 [main] DEBUG org.apache.http.wire -  >> "[\r][\n]"
11:43:27.926 [main] DEBUG org.apache.http.headers - >> GET /api/v1/cashier/order/item/71 HTTP/1.1
11:43:27.926 [main] DEBUG org.apache.http.headers - >> Authorization: Bearer eyJhbGciOiJIUzI1NiIsInR5cCI6IkpXVCJ9.eyJpZCI6MzQsImV4cCI6MTY4Njg2NTM3M30.XXx9VDANJ3A8luhwJor5MXbFPmxd5Z0SK_ISIjZ6MXs
11:43:27.927 [main] DEBUG org.apache.http.headers - >> Accept: */*
11:43:27.927 [main] DEBUG org.apache.http.headers - >> Host: 128.199.206.32:8000
11:43:27.927 [main] DEBUG org.apache.http.headers - >> Connection: Keep-Alive
11:43:27.927 [main] DEBUG org.apache.http.headers - >> User-Agent: Apache-HttpClient/4.5.13 (Java/1.8.0_351)
11:43:27.927 [main] DEBUG org.apache.http.headers - >> Accept-Encoding: gzip,deflate
11:43:27.958 [main] DEBUG org.apache.http.wire -  << "HTTP/1.1 401 Unauthorized[\r][\n]"
11:43:27.966 [main] DEBUG org.apache.http.wire -  << "Content-Type: application/json; charset=UTF-8[\r][\n]"
11:43:27.975 [main] DEBUG org.apache.http.wire -  << "Vary: Origin[\r][\n]"
11:43:27.976 [main] DEBUG org.apache.http.wire -  << "Date: Fri, 16 Jun 2023 04:43:28 GMT[\r][\n]"
11:43:27.976 [main] DEBUG org.apache.http.wire -  << "Content-Length: 42[\r][\n]"
11:43:27.976 [main] DEBUG org.apache.http.wire -  << "[\r][\n]"
11:43:27.976 [main] DEBUG org.apache.http.impl.conn.DefaultClientConnection - Receiving response: HTTP/1.1 401 Unauthorized
11:43:27.976 [main] DEBUG org.apache.http.headers - << HTTP/1.1 401 Unauthorized
11:43:27.976 [main] DEBUG org.apache.http.headers - << Content-Type: application/json; charset=UTF-8
11:43:27.976 [main] DEBUG org.apache.http.headers - << Vary: Origin
11:43:27.977 [main] DEBUG org.apache.http.headers - << Date: Fri, 16 Jun 2023 04:43:28 GMT
11:43:27.977 [main] DEBUG org.apache.http.headers - << Content-Length: 42
11:43:27.977 [main] DEBUG org.apache.http.impl.client.DefaultHttpClient - Connection can be kept alive indefinitely
11:43:27.977 [main] DEBUG org.apache.http.impl.client.DefaultHttpClient - Authentication required
11:43:27.977 [main] DEBUG org.apache.http.impl.client.DefaultHttpClient - 128.199.206.32:8000 requested authentication
11:43:27.977 [main] DEBUG org.apache.http.impl.client.DefaultHttpClient - Response contains no authentication challenges
11:43:27.977 [main] DEBUG io.restassured.internal.RestAssuredHttpBuilder - Parsing response as: application/json; charset=UTF-8
11:43:27.977 [main] DEBUG io.restassured.internal.RestAssuredHttpBuilder - Parsed data to instance of: class org.apache.http.conn.EofSensorInputStream
11:43:27.980 [main] DEBUG org.apache.http.wire -  << "{"message":"token is expired by 7h0m35s"}[\n]"
11:43:27.980 [main] DEBUG org.apache.http.impl.conn.BasicClientConnectionManager - Releasing connection org.apache.http.impl.conn.ManagedClientConnectionImpl@3bbb8c16
11:43:27.980 [main] DEBUG org.apache.http.impl.conn.BasicClientConnectionManager - Connection can be kept alive indefinitely
11:43:27.981 [main] DEBUG net.thucydides.core.steps.StepInterceptor - STEP DONE: cashier send HTTP request get search item by id
  &amp#27;[32mWhen &amp#27;[0m&amp#27;[32mcashier send HTTP request get search item by id&amp#27;[0m                  &amp#27;[90m# starter.stepdefinitions.Cashier.GetSearchItemByIdSteps.cashierSendHTTPRequestGetSearchItemById()&amp#27;[0m
11:43:28.013 [main] DEBUG net.thucydides.core.steps.StepInterceptor - STARTING STEP: GetCategoriesItemSteps.cashierReceiveResponseCode - cashier receive response code 200
  &amp#27;[31mThen &amp#27;[0m&amp#27;[31mcashier receive response code 200&amp#27;[0m                                &amp#27;[90m# starter.stepdefinitions.Cashier.GetCategoriesItemSteps.cashierReceiveResponseCode()&amp#27;[0m
      &amp#27;[31mjava.lang.AssertionError: 1 expectation failed.
Expected status code <200> but was <401>.

	at sun.reflect.NativeConstructorAccessorImpl.newInstance0(Native Method)
	at sun.reflect.NativeConstructorAccessorImpl.newInstance(NativeConstructorAccessorImpl.java:62)
	at sun.reflect.DelegatingConstructorAccessorImpl.newInstance(DelegatingConstructorAccessorImpl.java:45)
	at java.lang.reflect.Constructor.newInstance(Constructor.java:423)
	at org.codehaus.groovy.reflection.CachedConstructor.invoke(CachedConstructor.java:73)
	at org.codehaus.groovy.reflection.CachedConstructor.doConstructorInvoke(CachedConstructor.java:60)
	at org.codehaus.groovy.runtime.callsite.ConstructorSite$ConstructorSiteNoUnwrap.callConstructor(ConstructorSite.java:86)
	at org.codehaus.groovy.runtime.callsite.AbstractCallSite.callConstructor(AbstractCallSite.java:277)
	at io.restassured.internal.ResponseSpecificationImpl$HamcrestAssertionClosure.validate(ResponseSpecificationImpl.groovy:512)
	at io.restassured.internal.ResponseSpecificationImpl$HamcrestAssertionClosure$validate$1.call(Unknown Source)
	at io.restassured.internal.ResponseSpecificationImpl.validateResponseIfRequired(ResponseSpecificationImpl.groovy:696)
	at io.restassured.internal.ResponseSpecificationImpl.this$2$validateResponseIfRequired(ResponseSpecificationImpl.groovy)
	at sun.reflect.NativeMethodAccessorImpl.invoke0(Native Method)
	at sun.reflect.NativeMethodAccessorImpl.invoke(NativeMethodAccessorImpl.java:62)
	at sun.reflect.DelegatingMethodAccessorImpl.invoke(DelegatingMethodAccessorImpl.java:43)
	at java.lang.reflect.Method.invoke(Method.java:498)
	at org.codehaus.groovy.runtime.callsite.PlainObjectMetaMethodSite.doInvoke(PlainObjectMetaMethodSite.java:43)
	at org.codehaus.groovy.runtime.callsite.PogoMetaMethodSite$PogoCachedMethodSiteNoUnwrapNoCoerce.invoke(PogoMetaMethodSite.java:198)
	at org.codehaus.groovy.runtime.callsite.PogoMetaMethodSite.callCurrent(PogoMetaMethodSite.java:62)
	at org.codehaus.groovy.runtime.callsite.AbstractCallSite.callCurrent(AbstractCallSite.java:185)
	at io.restassured.internal.ResponseSpecificationImpl.statusCode(ResponseSpecificationImpl.groovy:135)
	at io.restassured.specification.ResponseSpecification$statusCode$0.callCurrent(Unknown Source)
	at io.restassured.internal.ResponseSpecificationImpl.statusCode(ResponseSpecificationImpl.groovy:143)
	at io.restassured.internal.ValidatableResponseOptionsImpl.statusCode(ValidatableResponseOptionsImpl.java:89)
	at starter.user.Cashier.GetCategoriesItemPage.lambda$cashierReceiveResponseCode200$0(GetCategoriesItemPage.java:22)
	at net.serenitybdd.rest.SerenityRest.restAssuredThat(SerenityRest.java:626)
	at starter.user.Cashier.GetCategoriesItemPage.cashierReceiveResponseCode200(GetCategoriesItemPage.java:22)
	at starter.user.Cashier.GetCategoriesItemPage$ByteBuddy$LP7ct8ga.cashierReceiveResponseCode200$accessor$8kFAzPfI(Unknown Source)
	at sun.reflect.NativeMethodAccessorImpl.invoke0(Native Method)
	at sun.reflect.NativeMethodAccessorImpl.invoke(NativeMethodAccessorImpl.java:62)
	at sun.reflect.DelegatingMethodAccessorImpl.invoke(DelegatingMethodAccessorImpl.java:43)
	at java.lang.reflect.Method.invoke(Method.java:498)
	at net.thucydides.core.steps.StepInterceptor.invokeMethod(StepInterceptor.java:518)
	at net.thucydides.core.steps.StepInterceptor.executeTestStepMethod(StepInterceptor.java:498)
	at net.thucydides.core.steps.StepInterceptor.runTestStep(StepInterceptor.java:472)
	at net.thucydides.core.steps.StepInterceptor.runOrSkipMethod(StepInterceptor.java:211)
	at net.thucydides.core.steps.StepInterceptor.testStepResult(StepInterceptor.java:198)
	at net.thucydides.core.steps.StepInterceptor.intercept(StepInterceptor.java:86)
	at net.thucydides.core.steps.ProxyConfiguration$InterceptorDispatcher.intercept(ProxyConfiguration.java:51)
	at starter.user.Cashier.GetCategoriesItemPage$ByteBuddy$LP7ct8ga.cashierReceiveResponseCode200(Unknown Source)
	at starter.stepdefinitions.Cashier.GetCategoriesItemSteps.cashierReceiveResponseCode(GetCategoriesItemSteps.java:25)
	at âœ½.cashier receive response code 200(file:///E:/SEMESTER%20VI/KAMPUS%20MERDEKA/capstone-pos/automation/api-automation/src/test/resources/api/Cashier/Cashier.feature:24)
&amp#27;[0m
  &amp#27;[36mAnd &amp#27;[0m&amp#27;[36mcashier validate response body get search item by id&amp#27;[0m              &amp#27;[90m# starter.stepdefinitions.Cashier.GetSearchItemByIdSteps.cashierValidateResponseBodyGetSearchItemById()&amp#27;[0m
11:43:28.087 [main] ERROR  - 
  _____   ___   ___   _____     ___     _     ___   _      ___   ___  
 |_   _| | __| / __| |_   _|   | __|   /_\   |_ _| | |    | __| |   \ 
   | |   | _|  \__ \   | |     | _|   / _ \   | |  | |__  | _|  | |) |
   |_|   |___| |___/   |_|     |_|   /_/ \_\ |___| |____| |___| |___/ 

GET - Cashier get search item by id with valid endpoint input
-----------------------------------------------------------------------
11:43:28.088 [main] DEBUG  - RELATED ISSUES: 
11:43:28.090 [main] ERROR  -     Test failed at step: cashier receive response code 200
11:43:28.090 [main] ERROR  -     1 expectation failed.Expected status code <200> but was <401>.
]]></system-out>
  </testcase>
  <testcase name="GET - Cashier get category with valid endpoint input" classname="User #2" time="0.591">
    <failure type="java.lang.AssertionError"><![CDATA[java.lang.AssertionError: 
1 expectation failed.
Expected status code <200> but was <401>.

]]></failure>
    <system-out><![CDATA[
@GetCategory
Scenario: GET - Cashier get category with valid endpoint input &amp#27;[90m# src/test/resources/api/Cashier/Cashier.feature:28&amp#27;[0m
11:43:28.326 [main] INFO io.cucumber.core.plugin.SerenityReporter - Running feature from file:///E:/SEMESTER%20VI/KAMPUS%20MERDEKA/capstone-pos/automation/api-automation/src/test/resources/api/Cashier/Cashier.feature
11:43:28.327 [main] WARN io.cucumber.core.plugin.SerenityReporter - Feature from file:///E:/SEMESTER%20VI/KAMPUS%20MERDEKA/capstone-pos/automation/api-automation/src/test/resources/api/Cashier/Cashier.feature is not under the 'features' directory. Requirements report will not be correctly generated!
11:43:28.332 [main] INFO  - 
  _____   ___   ___   _____     ___   _____     _     ___   _____   ___   ___  
 |_   _| | __| / __| |_   _|   / __| |_   _|   /_\   | _ \ |_   _| | __| |   \ 
   | |   | _|  \__ \   | |     \__ \   | |    / _ \  |   /   | |   | _|  | |) |
   |_|   |___| |___/   |_|     |___/   |_|   /_/ \_\ |_|_\   |_|   |___| |___/ 

GET - Cashier get category with valid endpoint input(user;get---cashier-get-category-with-valid-endpoint-input)
--------------------------------------------------------------------------------
11:43:28.440 [main] DEBUG net.thucydides.core.steps.StepInterceptor - STARTING STEP: GetCategorySteps.cashierHasApiEndpointGetCategory - cashier has api endpoint get category
11:43:28.441 [main] DEBUG net.thucydides.core.steps.StepInterceptor - STEP DONE: cashier has api endpoint get category
  &amp#27;[32mGiven &amp#27;[0m&amp#27;[32mcashier has api endpoint get category&amp#27;[0m                  &amp#27;[90m# starter.stepdefinitions.Cashier.GetCategorySteps.cashierHasApiEndpointGetCategory()&amp#27;[0m
11:43:28.448 [main] DEBUG net.thucydides.core.steps.StepInterceptor - STARTING STEP: GetCategorySteps.cashierSendHTTPRequestGetCategory - cashier send HTTP request get category
11:43:28.466 [main] DEBUG net.thucydides.core.steps.StepInterceptor - STARTING STEP: GetCategoryPage.cashierSendHTTPRequestGetCategory - cashier has api endpoint get category
11:43:28.469 [main] DEBUG net.thucydides.core.steps.StepInterceptor - STEP DONE: cashier has api endpoint get category
11:43:28.533 [main] DEBUG org.apache.http.impl.conn.BasicClientConnectionManager - Get connection for route {}->http://128.199.206.32:8000
11:43:28.534 [main] DEBUG org.apache.http.impl.conn.DefaultClientConnectionOperator - Connecting to 128.199.206.32:8000
11:43:28.566 [main] DEBUG org.apache.http.client.protocol.RequestAddCookies - CookieSpec selected: ignoreCookies
11:43:28.566 [main] DEBUG org.apache.http.client.protocol.RequestAuthCache - Auth cache not set in the context
11:43:28.566 [main] DEBUG org.apache.http.client.protocol.RequestProxyAuthentication - Proxy auth state: UNCHALLENGED
11:43:28.567 [main] DEBUG org.apache.http.impl.client.DefaultHttpClient - Attempt 1 to execute request
11:43:28.567 [main] DEBUG org.apache.http.impl.conn.DefaultClientConnection - Sending request: GET /api/v1/cashier/order/category HTTP/1.1
11:43:28.567 [main] DEBUG org.apache.http.wire -  >> "GET /api/v1/cashier/order/category HTTP/1.1[\r][\n]"
11:43:28.567 [main] DEBUG org.apache.http.wire -  >> "Authorization: Bearer eyJhbGciOiJIUzI1NiIsInR5cCI6IkpXVCJ9.eyJpZCI6MzQsImV4cCI6MTY4Njg2NTM3M30.XXx9VDANJ3A8luhwJor5MXbFPmxd5Z0SK_ISIjZ6MXs[\r][\n]"
11:43:28.567 [main] DEBUG org.apache.http.wire -  >> "Accept: */*[\r][\n]"
11:43:28.567 [main] DEBUG org.apache.http.wire -  >> "Host: 128.199.206.32:8000[\r][\n]"
11:43:28.567 [main] DEBUG org.apache.http.wire -  >> "Connection: Keep-Alive[\r][\n]"
11:43:28.567 [main] DEBUG org.apache.http.wire -  >> "User-Agent: Apache-HttpClient/4.5.13 (Java/1.8.0_351)[\r][\n]"
11:43:28.567 [main] DEBUG org.apache.http.wire -  >> "Accept-Encoding: gzip,deflate[\r][\n]"
11:43:28.567 [main] DEBUG org.apache.http.wire -  >> "[\r][\n]"
11:43:28.567 [main] DEBUG org.apache.http.headers - >> GET /api/v1/cashier/order/category HTTP/1.1
11:43:28.567 [main] DEBUG org.apache.http.headers - >> Authorization: Bearer eyJhbGciOiJIUzI1NiIsInR5cCI6IkpXVCJ9.eyJpZCI6MzQsImV4cCI6MTY4Njg2NTM3M30.XXx9VDANJ3A8luhwJor5MXbFPmxd5Z0SK_ISIjZ6MXs
11:43:28.568 [main] DEBUG org.apache.http.headers - >> Accept: */*
11:43:28.568 [main] DEBUG org.apache.http.headers - >> Host: 128.199.206.32:8000
11:43:28.568 [main] DEBUG org.apache.http.headers - >> Connection: Keep-Alive
11:43:28.568 [main] DEBUG org.apache.http.headers - >> User-Agent: Apache-HttpClient/4.5.13 (Java/1.8.0_351)
11:43:28.568 [main] DEBUG org.apache.http.headers - >> Accept-Encoding: gzip,deflate
11:43:28.596 [main] DEBUG org.apache.http.wire -  << "HTTP/1.1 401 Unauthorized[\r][\n]"
11:43:28.596 [main] DEBUG org.apache.http.wire -  << "Content-Type: application/json; charset=UTF-8[\r][\n]"
11:43:28.596 [main] DEBUG org.apache.http.wire -  << "Vary: Origin[\r][\n]"
11:43:28.596 [main] DEBUG org.apache.http.wire -  << "Date: Fri, 16 Jun 2023 04:43:28 GMT[\r][\n]"
11:43:28.598 [main] DEBUG org.apache.http.wire -  << "Content-Length: 42[\r][\n]"
11:43:28.600 [main] DEBUG org.apache.http.wire -  << "[\r][\n]"
11:43:28.600 [main] DEBUG org.apache.http.impl.conn.DefaultClientConnection - Receiving response: HTTP/1.1 401 Unauthorized
11:43:28.600 [main] DEBUG org.apache.http.headers - << HTTP/1.1 401 Unauthorized
11:43:28.600 [main] DEBUG org.apache.http.headers - << Content-Type: application/json; charset=UTF-8
11:43:28.600 [main] DEBUG org.apache.http.headers - << Vary: Origin
11:43:28.600 [main] DEBUG org.apache.http.headers - << Date: Fri, 16 Jun 2023 04:43:28 GMT
11:43:28.600 [main] DEBUG org.apache.http.headers - << Content-Length: 42
11:43:28.600 [main] DEBUG org.apache.http.impl.client.DefaultHttpClient - Connection can be kept alive indefinitely
11:43:28.600 [main] DEBUG org.apache.http.impl.client.DefaultHttpClient - Authentication required
11:43:28.600 [main] DEBUG org.apache.http.impl.client.DefaultHttpClient - 128.199.206.32:8000 requested authentication
11:43:28.604 [main] DEBUG org.apache.http.impl.client.DefaultHttpClient - Response contains no authentication challenges
11:43:28.604 [main] DEBUG io.restassured.internal.RestAssuredHttpBuilder - Parsing response as: application/json; charset=UTF-8
11:43:28.604 [main] DEBUG io.restassured.internal.RestAssuredHttpBuilder - Parsed data to instance of: class org.apache.http.conn.EofSensorInputStream
11:43:28.608 [main] DEBUG org.apache.http.wire -  << "{"message":"token is expired by 7h0m35s"}[\n]"
11:43:28.608 [main] DEBUG org.apache.http.impl.conn.BasicClientConnectionManager - Releasing connection org.apache.http.impl.conn.ManagedClientConnectionImpl@4b28a7bf
11:43:28.609 [main] DEBUG org.apache.http.impl.conn.BasicClientConnectionManager - Connection can be kept alive indefinitely
11:43:28.609 [main] DEBUG net.thucydides.core.steps.StepInterceptor - STEP DONE: cashier send HTTP request get category
  &amp#27;[32mWhen &amp#27;[0m&amp#27;[32mcashier send HTTP request get category&amp#27;[0m                  &amp#27;[90m# starter.stepdefinitions.Cashier.GetCategorySteps.cashierSendHTTPRequestGetCategory()&amp#27;[0m
11:43:28.641 [main] DEBUG net.thucydides.core.steps.StepInterceptor - STARTING STEP: GetCategoriesItemSteps.cashierReceiveResponseCode - cashier receive response code 200
  &amp#27;[31mThen &amp#27;[0m&amp#27;[31mcashier receive response code 200&amp#27;[0m                       &amp#27;[90m# starter.stepdefinitions.Cashier.GetCategoriesItemSteps.cashierReceiveResponseCode()&amp#27;[0m
      &amp#27;[31mjava.lang.AssertionError: 1 expectation failed.
Expected status code <200> but was <401>.

	at sun.reflect.NativeConstructorAccessorImpl.newInstance0(Native Method)
	at sun.reflect.NativeConstructorAccessorImpl.newInstance(NativeConstructorAccessorImpl.java:62)
	at sun.reflect.DelegatingConstructorAccessorImpl.newInstance(DelegatingConstructorAccessorImpl.java:45)
	at java.lang.reflect.Constructor.newInstance(Constructor.java:423)
	at org.codehaus.groovy.reflection.CachedConstructor.invoke(CachedConstructor.java:73)
	at org.codehaus.groovy.reflection.CachedConstructor.doConstructorInvoke(CachedConstructor.java:60)
	at org.codehaus.groovy.runtime.callsite.ConstructorSite$ConstructorSiteNoUnwrap.callConstructor(ConstructorSite.java:86)
	at org.codehaus.groovy.runtime.callsite.AbstractCallSite.callConstructor(AbstractCallSite.java:277)
	at io.restassured.internal.ResponseSpecificationImpl$HamcrestAssertionClosure.validate(ResponseSpecificationImpl.groovy:512)
	at io.restassured.internal.ResponseSpecificationImpl$HamcrestAssertionClosure$validate$1.call(Unknown Source)
	at io.restassured.internal.ResponseSpecificationImpl.validateResponseIfRequired(ResponseSpecificationImpl.groovy:696)
	at io.restassured.internal.ResponseSpecificationImpl.this$2$validateResponseIfRequired(ResponseSpecificationImpl.groovy)
	at sun.reflect.NativeMethodAccessorImpl.invoke0(Native Method)
	at sun.reflect.NativeMethodAccessorImpl.invoke(NativeMethodAccessorImpl.java:62)
	at sun.reflect.DelegatingMethodAccessorImpl.invoke(DelegatingMethodAccessorImpl.java:43)
	at java.lang.reflect.Method.invoke(Method.java:498)
	at org.codehaus.groovy.runtime.callsite.PlainObjectMetaMethodSite.doInvoke(PlainObjectMetaMethodSite.java:43)
	at org.codehaus.groovy.runtime.callsite.PogoMetaMethodSite$PogoCachedMethodSiteNoUnwrapNoCoerce.invoke(PogoMetaMethodSite.java:198)
	at org.codehaus.groovy.runtime.callsite.PogoMetaMethodSite.callCurrent(PogoMetaMethodSite.java:62)
	at org.codehaus.groovy.runtime.callsite.AbstractCallSite.callCurrent(AbstractCallSite.java:185)
	at io.restassured.internal.ResponseSpecificationImpl.statusCode(ResponseSpecificationImpl.groovy:135)
	at io.restassured.specification.ResponseSpecification$statusCode$0.callCurrent(Unknown Source)
	at io.restassured.internal.ResponseSpecificationImpl.statusCode(ResponseSpecificationImpl.groovy:143)
	at io.restassured.internal.ValidatableResponseOptionsImpl.statusCode(ValidatableResponseOptionsImpl.java:89)
	at starter.user.Cashier.GetCategoriesItemPage.lambda$cashierReceiveResponseCode200$0(GetCategoriesItemPage.java:22)
	at net.serenitybdd.rest.SerenityRest.restAssuredThat(SerenityRest.java:626)
	at starter.user.Cashier.GetCategoriesItemPage.cashierReceiveResponseCode200(GetCategoriesItemPage.java:22)
	at starter.user.Cashier.GetCategoriesItemPage$ByteBuddy$LP7ct8ga.cashierReceiveResponseCode200$accessor$8kFAzPfI(Unknown Source)
	at sun.reflect.NativeMethodAccessorImpl.invoke0(Native Method)
	at sun.reflect.NativeMethodAccessorImpl.invoke(NativeMethodAccessorImpl.java:62)
	at sun.reflect.DelegatingMethodAccessorImpl.invoke(DelegatingMethodAccessorImpl.java:43)
	at java.lang.reflect.Method.invoke(Method.java:498)
	at net.thucydides.core.steps.StepInterceptor.invokeMethod(StepInterceptor.java:518)
	at net.thucydides.core.steps.StepInterceptor.executeTestStepMethod(StepInterceptor.java:498)
	at net.thucydides.core.steps.StepInterceptor.runTestStep(StepInterceptor.java:472)
	at net.thucydides.core.steps.StepInterceptor.runOrSkipMethod(StepInterceptor.java:211)
	at net.thucydides.core.steps.StepInterceptor.testStepResult(StepInterceptor.java:198)
	at net.thucydides.core.steps.StepInterceptor.intercept(StepInterceptor.java:86)
	at net.thucydides.core.steps.ProxyConfiguration$InterceptorDispatcher.intercept(ProxyConfiguration.java:51)
	at starter.user.Cashier.GetCategoriesItemPage$ByteBuddy$LP7ct8ga.cashierReceiveResponseCode200(Unknown Source)
	at starter.stepdefinitions.Cashier.GetCategoriesItemSteps.cashierReceiveResponseCode(GetCategoriesItemSteps.java:25)
	at âœ½.cashier receive response code 200(file:///E:/SEMESTER%20VI/KAMPUS%20MERDEKA/capstone-pos/automation/api-automation/src/test/resources/api/Cashier/Cashier.feature:31)
&amp#27;[0m
  &amp#27;[36mAnd &amp#27;[0m&amp#27;[36mcashier validate response body category&amp#27;[0m                  &amp#27;[90m# starter.stepdefinitions.Cashier.GetCategorySteps.cashierValidateResponseBodyCategory()&amp#27;[0m
11:43:28.739 [main] ERROR  - 
  _____   ___   ___   _____     ___     _     ___   _      ___   ___  
 |_   _| | __| / __| |_   _|   | __|   /_\   |_ _| | |    | __| |   \ 
   | |   | _|  \__ \   | |     | _|   / _ \   | |  | |__  | _|  | |) |
   |_|   |___| |___/   |_|     |_|   /_/ \_\ |___| |____| |___| |___/ 

GET - Cashier get category with valid endpoint input
-----------------------------------------------------------------------
11:43:28.740 [main] DEBUG  - RELATED ISSUES: 
11:43:28.740 [main] ERROR  -     Test failed at step: cashier receive response code 200
11:43:28.740 [main] ERROR  -     1 expectation failed.Expected status code <200> but was <401>.
]]></system-out>
  </testcase>
  <testcase name="POST - Cashier can add new memberships data" classname="User #2" time="0.339">
    <failure type="java.lang.AssertionError"><![CDATA[java.lang.AssertionError: 
1 expectation failed.
Expected status code <200> but was <401>.

]]></failure>
    <system-out><![CDATA[
@PostCreateMemberships
Scenario: POST - Cashier can add new memberships data         &amp#27;[90m# src/test/resources/api/Cashier/Cashier.feature:35&amp#27;[0m
11:43:28.897 [main] INFO io.cucumber.core.plugin.SerenityReporter - Running feature from file:///E:/SEMESTER%20VI/KAMPUS%20MERDEKA/capstone-pos/automation/api-automation/src/test/resources/api/Cashier/Cashier.feature
11:43:28.897 [main] WARN io.cucumber.core.plugin.SerenityReporter - Feature from file:///E:/SEMESTER%20VI/KAMPUS%20MERDEKA/capstone-pos/automation/api-automation/src/test/resources/api/Cashier/Cashier.feature is not under the 'features' directory. Requirements report will not be correctly generated!
11:43:28.908 [main] INFO  - 
  _____   ___   ___   _____     ___   _____     _     ___   _____   ___   ___  
 |_   _| | __| / __| |_   _|   / __| |_   _|   /_\   | _ \ |_   _| | __| |   \ 
   | |   | _|  \__ \   | |     \__ \   | |    / _ \  |   /   | |   | _|  | |) |
   |_|   |___| |___/   |_|     |___/   |_|   /_/ \_\ |_|_\   |_|   |___| |___/ 

POST - Cashier can add new memberships data(user;post---cashier-can-add-new-memberships-data)
--------------------------------------------------------------------------------
11:43:28.944 [main] DEBUG net.thucydides.core.steps.StepInterceptor - STARTING STEP: PostCreateMembershipsSteps.cashierHasApiEndpointAddNewMemberships - cashier has api endpoint add new memberships
11:43:28.945 [main] DEBUG net.thucydides.core.steps.StepInterceptor - STEP DONE: cashier has api endpoint add new memberships
  &amp#27;[32mGiven &amp#27;[0m&amp#27;[32mcashier has api endpoint add new memberships&amp#27;[0m          &amp#27;[90m# starter.stepdefinitions.Cashier.PostCreateMembershipsSteps.cashierHasApiEndpointAddNewMemberships()&amp#27;[0m
11:43:28.953 [main] DEBUG net.thucydides.core.steps.StepInterceptor - STARTING STEP: PostCreateMembershipsSteps.cashierSendHTTPRequestAddNewMemberships - cashier send HTTP request add new memberships
11:43:28.968 [main] DEBUG net.thucydides.core.steps.StepInterceptor - STARTING STEP: PostCreateMembershipsPage.cashierSendHTTPRequestAddNewMemberships - cashier has api endpoint add new memberships
11:43:28.968 [main] DEBUG net.thucydides.core.steps.StepInterceptor - STEP DONE: cashier has api endpoint add new memberships
11:43:29.030 [main] DEBUG org.apache.http.impl.conn.BasicClientConnectionManager - Get connection for route {}->http://128.199.206.32:8000
11:43:29.031 [main] DEBUG org.apache.http.impl.conn.DefaultClientConnectionOperator - Connecting to 128.199.206.32:8000
11:43:29.060 [main] DEBUG org.apache.http.client.protocol.RequestAddCookies - CookieSpec selected: ignoreCookies
11:43:29.061 [main] DEBUG org.apache.http.client.protocol.RequestAuthCache - Auth cache not set in the context
11:43:29.061 [main] DEBUG org.apache.http.client.protocol.RequestProxyAuthentication - Proxy auth state: UNCHALLENGED
11:43:29.061 [main] DEBUG org.apache.http.impl.client.DefaultHttpClient - Attempt 1 to execute request
11:43:29.061 [main] DEBUG org.apache.http.impl.conn.DefaultClientConnection - Sending request: POST /api/v1/cashier/membership HTTP/1.1
11:43:29.061 [main] DEBUG org.apache.http.wire -  >> "POST /api/v1/cashier/membership HTTP/1.1[\r][\n]"
11:43:29.061 [main] DEBUG org.apache.http.wire -  >> "Authorization: Bearer eyJhbGciOiJIUzI1NiIsInR5cCI6IkpXVCJ9.eyJpZCI6MzQsImV4cCI6MTY4Njg2NTM3M30.XXx9VDANJ3A8luhwJor5MXbFPmxd5Z0SK_ISIjZ6MXs[\r][\n]"
11:43:29.061 [main] DEBUG org.apache.http.wire -  >> "Accept: */*[\r][\n]"
11:43:29.061 [main] DEBUG org.apache.http.wire -  >> "Content-Type: application/json[\r][\n]"
11:43:29.061 [main] DEBUG org.apache.http.wire -  >> "Content-Length: 94[\r][\n]"
11:43:29.061 [main] DEBUG org.apache.http.wire -  >> "Host: 128.199.206.32:8000[\r][\n]"
11:43:29.062 [main] DEBUG org.apache.http.wire -  >> "Connection: Keep-Alive[\r][\n]"
11:43:29.062 [main] DEBUG org.apache.http.wire -  >> "User-Agent: Apache-HttpClient/4.5.13 (Java/1.8.0_351)[\r][\n]"
11:43:29.062 [main] DEBUG org.apache.http.wire -  >> "Accept-Encoding: gzip,deflate[\r][\n]"
11:43:29.062 [main] DEBUG org.apache.http.wire -  >> "[\r][\n]"
11:43:29.062 [main] DEBUG org.apache.http.headers - >> POST /api/v1/cashier/membership HTTP/1.1
11:43:29.063 [main] DEBUG org.apache.http.headers - >> Authorization: Bearer eyJhbGciOiJIUzI1NiIsInR5cCI6IkpXVCJ9.eyJpZCI6MzQsImV4cCI6MTY4Njg2NTM3M30.XXx9VDANJ3A8luhwJor5MXbFPmxd5Z0SK_ISIjZ6MXs
11:43:29.063 [main] DEBUG org.apache.http.headers - >> Accept: */*
11:43:29.063 [main] DEBUG org.apache.http.headers - >> Content-Type: application/json
11:43:29.063 [main] DEBUG org.apache.http.headers - >> Content-Length: 94
11:43:29.063 [main] DEBUG org.apache.http.headers - >> Host: 128.199.206.32:8000
11:43:29.063 [main] DEBUG org.apache.http.headers - >> Connection: Keep-Alive
11:43:29.063 [main] DEBUG org.apache.http.headers - >> User-Agent: Apache-HttpClient/4.5.13 (Java/1.8.0_351)
11:43:29.063 [main] DEBUG org.apache.http.headers - >> Accept-Encoding: gzip,deflate
11:43:29.063 [main] DEBUG org.apache.http.wire -  >> "{"birth_day":"2001-05-19","phone":839489311,"name":"Kim Jennie","email":"jennie123@gmail.com"}"
11:43:29.090 [main] DEBUG org.apache.http.wire -  << "HTTP/1.1 401 Unauthorized[\r][\n]"
11:43:29.091 [main] DEBUG org.apache.http.wire -  << "Content-Type: application/json; charset=UTF-8[\r][\n]"
11:43:29.091 [main] DEBUG org.apache.http.wire -  << "Vary: Origin[\r][\n]"
11:43:29.091 [main] DEBUG org.apache.http.wire -  << "Date: Fri, 16 Jun 2023 04:43:29 GMT[\r][\n]"
11:43:29.093 [main] DEBUG org.apache.http.wire -  << "Content-Length: 42[\r][\n]"
11:43:29.093 [main] DEBUG org.apache.http.wire -  << "[\r][\n]"
11:43:29.094 [main] DEBUG org.apache.http.impl.conn.DefaultClientConnection - Receiving response: HTTP/1.1 401 Unauthorized
11:43:29.094 [main] DEBUG org.apache.http.headers - << HTTP/1.1 401 Unauthorized
11:43:29.094 [main] DEBUG org.apache.http.headers - << Content-Type: application/json; charset=UTF-8
11:43:29.094 [main] DEBUG org.apache.http.headers - << Vary: Origin
11:43:29.094 [main] DEBUG org.apache.http.headers - << Date: Fri, 16 Jun 2023 04:43:29 GMT
11:43:29.094 [main] DEBUG org.apache.http.headers - << Content-Length: 42
11:43:29.099 [main] DEBUG org.apache.http.impl.client.DefaultHttpClient - Connection can be kept alive indefinitely
11:43:29.107 [main] DEBUG org.apache.http.impl.client.DefaultHttpClient - Authentication required
11:43:29.108 [main] DEBUG org.apache.http.impl.client.DefaultHttpClient - 128.199.206.32:8000 requested authentication
11:43:29.108 [main] DEBUG org.apache.http.impl.client.DefaultHttpClient - Response contains no authentication challenges
11:43:29.108 [main] DEBUG io.restassured.internal.RestAssuredHttpBuilder - Parsing response as: application/json; charset=UTF-8
11:43:29.109 [main] DEBUG io.restassured.internal.RestAssuredHttpBuilder - Parsed data to instance of: class org.apache.http.conn.EofSensorInputStream
11:43:29.112 [main] DEBUG org.apache.http.wire -  << "{"message":"token is expired by 7h0m36s"}[\n]"
11:43:29.112 [main] DEBUG org.apache.http.impl.conn.BasicClientConnectionManager - Releasing connection org.apache.http.impl.conn.ManagedClientConnectionImpl@1e92c3b6
11:43:29.113 [main] DEBUG org.apache.http.impl.conn.BasicClientConnectionManager - Connection can be kept alive indefinitely
11:43:29.114 [main] DEBUG net.thucydides.core.steps.StepInterceptor - STEP DONE: cashier send HTTP request add new memberships
  &amp#27;[32mWhen &amp#27;[0m&amp#27;[32mcashier send HTTP request add new memberships&amp#27;[0m          &amp#27;[90m# starter.stepdefinitions.Cashier.PostCreateMembershipsSteps.cashierSendHTTPRequestAddNewMemberships()&amp#27;[0m
11:43:29.132 [main] DEBUG net.thucydides.core.steps.StepInterceptor - STARTING STEP: GetCategoriesItemSteps.cashierReceiveResponseCode - cashier receive response code 200
  &amp#27;[31mThen &amp#27;[0m&amp#27;[31mcashier receive response code 200&amp#27;[0m                      &amp#27;[90m# starter.stepdefinitions.Cashier.GetCategoriesItemSteps.cashierReceiveResponseCode()&amp#27;[0m
      &amp#27;[31mjava.lang.AssertionError: 1 expectation failed.
Expected status code <200> but was <401>.

	at sun.reflect.NativeConstructorAccessorImpl.newInstance0(Native Method)
	at sun.reflect.NativeConstructorAccessorImpl.newInstance(NativeConstructorAccessorImpl.java:62)
	at sun.reflect.DelegatingConstructorAccessorImpl.newInstance(DelegatingConstructorAccessorImpl.java:45)
	at java.lang.reflect.Constructor.newInstance(Constructor.java:423)
	at org.codehaus.groovy.reflection.CachedConstructor.invoke(CachedConstructor.java:73)
	at org.codehaus.groovy.reflection.CachedConstructor.doConstructorInvoke(CachedConstructor.java:60)
	at org.codehaus.groovy.runtime.callsite.ConstructorSite$ConstructorSiteNoUnwrap.callConstructor(ConstructorSite.java:86)
	at org.codehaus.groovy.runtime.callsite.AbstractCallSite.callConstructor(AbstractCallSite.java:277)
	at io.restassured.internal.ResponseSpecificationImpl$HamcrestAssertionClosure.validate(ResponseSpecificationImpl.groovy:512)
	at io.restassured.internal.ResponseSpecificationImpl$HamcrestAssertionClosure$validate$1.call(Unknown Source)
	at io.restassured.internal.ResponseSpecificationImpl.validateResponseIfRequired(ResponseSpecificationImpl.groovy:696)
	at io.restassured.internal.ResponseSpecificationImpl.this$2$validateResponseIfRequired(ResponseSpecificationImpl.groovy)
	at sun.reflect.NativeMethodAccessorImpl.invoke0(Native Method)
	at sun.reflect.NativeMethodAccessorImpl.invoke(NativeMethodAccessorImpl.java:62)
	at sun.reflect.DelegatingMethodAccessorImpl.invoke(DelegatingMethodAccessorImpl.java:43)
	at java.lang.reflect.Method.invoke(Method.java:498)
	at org.codehaus.groovy.runtime.callsite.PlainObjectMetaMethodSite.doInvoke(PlainObjectMetaMethodSite.java:43)
	at org.codehaus.groovy.runtime.callsite.PogoMetaMethodSite$PogoCachedMethodSiteNoUnwrapNoCoerce.invoke(PogoMetaMethodSite.java:198)
	at org.codehaus.groovy.runtime.callsite.PogoMetaMethodSite.callCurrent(PogoMetaMethodSite.java:62)
	at org.codehaus.groovy.runtime.callsite.AbstractCallSite.callCurrent(AbstractCallSite.java:185)
	at io.restassured.internal.ResponseSpecificationImpl.statusCode(ResponseSpecificationImpl.groovy:135)
	at io.restassured.specification.ResponseSpecification$statusCode$0.callCurrent(Unknown Source)
	at io.restassured.internal.ResponseSpecificationImpl.statusCode(ResponseSpecificationImpl.groovy:143)
	at io.restassured.internal.ValidatableResponseOptionsImpl.statusCode(ValidatableResponseOptionsImpl.java:89)
	at starter.user.Cashier.GetCategoriesItemPage.lambda$cashierReceiveResponseCode200$0(GetCategoriesItemPage.java:22)
	at net.serenitybdd.rest.SerenityRest.restAssuredThat(SerenityRest.java:626)
	at starter.user.Cashier.GetCategoriesItemPage.cashierReceiveResponseCode200(GetCategoriesItemPage.java:22)
	at starter.user.Cashier.GetCategoriesItemPage$ByteBuddy$LP7ct8ga.cashierReceiveResponseCode200$accessor$8kFAzPfI(Unknown Source)
	at sun.reflect.NativeMethodAccessorImpl.invoke0(Native Method)
	at sun.reflect.NativeMethodAccessorImpl.invoke(NativeMethodAccessorImpl.java:62)
	at sun.reflect.DelegatingMethodAccessorImpl.invoke(DelegatingMethodAccessorImpl.java:43)
	at java.lang.reflect.Method.invoke(Method.java:498)
	at net.thucydides.core.steps.StepInterceptor.invokeMethod(StepInterceptor.java:518)
	at net.thucydides.core.steps.StepInterceptor.executeTestStepMethod(StepInterceptor.java:498)
	at net.thucydides.core.steps.StepInterceptor.runTestStep(StepInterceptor.java:472)
	at net.thucydides.core.steps.StepInterceptor.runOrSkipMethod(StepInterceptor.java:211)
	at net.thucydides.core.steps.StepInterceptor.testStepResult(StepInterceptor.java:198)
	at net.thucydides.core.steps.StepInterceptor.intercept(StepInterceptor.java:86)
	at net.thucydides.core.steps.ProxyConfiguration$InterceptorDispatcher.intercept(ProxyConfiguration.java:51)
	at starter.user.Cashier.GetCategoriesItemPage$ByteBuddy$LP7ct8ga.cashierReceiveResponseCode200(Unknown Source)
	at starter.stepdefinitions.Cashier.GetCategoriesItemSteps.cashierReceiveResponseCode(GetCategoriesItemSteps.java:25)
	at âœ½.cashier receive response code 200(file:///E:/SEMESTER%20VI/KAMPUS%20MERDEKA/capstone-pos/automation/api-automation/src/test/resources/api/Cashier/Cashier.feature:38)
&amp#27;[0m
  &amp#27;[36mAnd &amp#27;[0m&amp#27;[36mcashier validate response body post add new memberships&amp#27;[0m &amp#27;[90m# starter.stepdefinitions.Cashier.PostCreateMembershipsSteps.cashierValidateResponseBodyPostAddNewMemberships()&amp#27;[0m
11:43:29.185 [main] ERROR  - 
  _____   ___   ___   _____     ___     _     ___   _      ___   ___  
 |_   _| | __| / __| |_   _|   | __|   /_\   |_ _| | |    | __| |   \ 
   | |   | _|  \__ \   | |     | _|   / _ \   | |  | |__  | _|  | |) |
   |_|   |___| |___/   |_|     |_|   /_/ \_\ |___| |____| |___| |___/ 

POST - Cashier can add new memberships data
-----------------------------------------------------------------------
11:43:29.185 [main] DEBUG  - RELATED ISSUES: 
11:43:29.185 [main] ERROR  -     Test failed at step: cashier receive response code 200
11:43:29.186 [main] ERROR  -     1 expectation failed.Expected status code <200> but was <401>.
]]></system-out>
  </testcase>
  <testcase name="POST - Cashier can add new transaction" classname="User #2" time="0.189">
    <error type="org.json.JSONException"><![CDATA[org.json.JSONException: Missing value at 220 [character 12 line 15]
]]></error>
    <system-out><![CDATA[
@PostCreateTransaction
Scenario: POST - Cashier can add new transaction              &amp#27;[90m# src/test/resources/api/Cashier/Cashier.feature:42&amp#27;[0m
11:43:29.208 [main] INFO io.cucumber.core.plugin.SerenityReporter - Running feature from file:///E:/SEMESTER%20VI/KAMPUS%20MERDEKA/capstone-pos/automation/api-automation/src/test/resources/api/Cashier/Cashier.feature
11:43:29.209 [main] WARN io.cucumber.core.plugin.SerenityReporter - Feature from file:///E:/SEMESTER%20VI/KAMPUS%20MERDEKA/capstone-pos/automation/api-automation/src/test/resources/api/Cashier/Cashier.feature is not under the 'features' directory. Requirements report will not be correctly generated!
11:43:29.215 [main] INFO  - 
  _____   ___   ___   _____     ___   _____     _     ___   _____   ___   ___  
 |_   _| | __| / __| |_   _|   / __| |_   _|   /_\   | _ \ |_   _| | __| |   \ 
   | |   | _|  \__ \   | |     \__ \   | |    / _ \  |   /   | |   | _|  | |) |
   |_|   |___| |___/   |_|     |___/   |_|   /_/ \_\ |_|_\   |_|   |___| |___/ 

POST - Cashier can add new transaction(user;post---cashier-can-add-new-transaction)
--------------------------------------------------------------------------------
11:43:29.265 [main] DEBUG net.thucydides.core.steps.StepInterceptor - STARTING STEP: PostCreateTransactionSteps.cashierHasApiEndpointAddNewTransaction - cashier has api endpoint add new transaction
11:43:29.265 [main] DEBUG net.thucydides.core.steps.StepInterceptor - STEP DONE: cashier has api endpoint add new transaction
  &amp#27;[32mGiven &amp#27;[0m&amp#27;[32mcashier has api endpoint add new transaction&amp#27;[0m          &amp#27;[90m# starter.stepdefinitions.Cashier.PostCreateTransactionSteps.cashierHasApiEndpointAddNewTransaction()&amp#27;[0m
11:43:29.279 [main] DEBUG net.thucydides.core.steps.StepInterceptor - STARTING STEP: PostCreateTransactionSteps.cashierSendHTTPRequestAddNewTransaction - cashier send HTTP request add new transaction
  &amp#27;[31mWhen &amp#27;[0m&amp#27;[31mcashier send HTTP request add new transaction&amp#27;[0m          &amp#27;[90m# starter.stepdefinitions.Cashier.PostCreateTransactionSteps.cashierSendHTTPRequestAddNewTransaction()&amp#27;[0m
      &amp#27;[31morg.json.JSONException: Missing value at 220 [character 12 line 15]
	at org.json.JSONTokener.syntaxError(JSONTokener.java:501)
	at org.json.JSONTokener.nextValue(JSONTokener.java:451)
	at org.json.JSONObject.<init>(JSONObject.java:245)
	at org.json.JSONTokener.nextValue(JSONTokener.java:418)
	at org.json.JSONArray.<init>(JSONArray.java:105)
	at org.json.JSONTokener.nextValue(JSONTokener.java:425)
	at org.json.JSONObject.<init>(JSONObject.java:245)
	at org.json.JSONObject.<init>(JSONObject.java:404)
	at starter.user.Cashier.PostCreateTransactionPage.cashierSendHTTPRequestAddNewTransaction(PostCreateTransactionPage.java:36)
	at starter.user.Cashier.PostCreateTransactionPage$ByteBuddy$6uDwge0I.cashierSendHTTPRequestAddNewTransaction$accessor$GanKh6HL(Unknown Source)
	at sun.reflect.NativeMethodAccessorImpl.invoke0(Native Method)
	at sun.reflect.NativeMethodAccessorImpl.invoke(NativeMethodAccessorImpl.java:62)
	at sun.reflect.DelegatingMethodAccessorImpl.invoke(DelegatingMethodAccessorImpl.java:43)
	at java.lang.reflect.Method.invoke(Method.java:498)
	at net.thucydides.core.steps.StepInterceptor.invokeMethod(StepInterceptor.java:518)
	at net.thucydides.core.steps.StepInterceptor.executeTestStepMethod(StepInterceptor.java:498)
	at net.thucydides.core.steps.StepInterceptor.runTestStep(StepInterceptor.java:472)
	at net.thucydides.core.steps.StepInterceptor.runOrSkipMethod(StepInterceptor.java:211)
	at net.thucydides.core.steps.StepInterceptor.testStepResult(StepInterceptor.java:198)
	at net.thucydides.core.steps.StepInterceptor.intercept(StepInterceptor.java:86)
	at net.thucydides.core.steps.ProxyConfiguration$InterceptorDispatcher.intercept(ProxyConfiguration.java:51)
	at starter.user.Cashier.PostCreateTransactionPage$ByteBuddy$6uDwge0I.cashierSendHTTPRequestAddNewTransaction(Unknown Source)
	at starter.stepdefinitions.Cashier.PostCreateTransactionSteps.cashierSendHTTPRequestAddNewTransaction(PostCreateTransactionSteps.java:19)
	at âœ½.cashier send HTTP request add new transaction(file:///E:/SEMESTER%20VI/KAMPUS%20MERDEKA/capstone-pos/automation/api-automation/src/test/resources/api/Cashier/Cashier.feature:44)
&amp#27;[0m
  &amp#27;[36mThen &amp#27;[0m&amp#27;[36mcashier receive response code 200&amp#27;[0m                      &amp#27;[90m# starter.stepdefinitions.Cashier.GetCategoriesItemSteps.cashierReceiveResponseCode()&amp#27;[0m
  &amp#27;[36mAnd &amp#27;[0m&amp#27;[36mcashier validate response body post add new transaction&amp#27;[0m &amp#27;[90m# starter.stepdefinitions.Cashier.PostCreateTransactionSteps.cashierValidateResponseBodyPostAddNewTransaction()&amp#27;[0m
11:43:29.374 [main] ERROR  - 
  _____   ___   ___   _____     ___   ___   ___    ___    ___ 
 |_   _| | __| / __| |_   _|   | __| | _ \ | _ \  / _ \  | _ \
   | |   | _|  \__ \   | |     | _|  |   / |   / | (_) | |   /
   |_|   |___| |___/   |_|     |___| |_|_\ |_|_\  \___/  |_|_\

POST - Cashier can add new transaction
---------------------------------------------------------------
11:43:29.374 [main] DEBUG  - RELATED ISSUES: 
11:43:29.375 [main] ERROR  -     Test failed at step: cashier send HTTP request add new transaction
11:43:29.375 [main] ERROR  -     Missing value at 220 [character 12 line 15]
]]></system-out>
  </testcase>
</testsuite>