<?xml version="1.0" encoding="UTF-8"?>
<testsuite xmlns:xsi="http://www.w3.org/2001/XMLSchema-instance" xsi:noNamespaceSchemaLocation="https://maven.apache.org/surefire/maven-failsafe-plugin/xsd/failsafe-test-report-3.0.xsd" version="3.0" name="starter.CucumberTestSuite" time="22.325" tests="7" errors="0" skipped="0" failures="0">
  <properties>
[...]
</properties>
  <testcase name="POST - As a admin I can login" classname="User #1" time="9.249">
    <system-out><![CDATA[11:45:06.174 [main] DEBUG net.thucydides.core.guice.Injectors - Created injector for module net.thucydides.core.guice.ThucydidesModule
11:45:06.839 [main] INFO io.cucumber.core.plugin.SerenityReporter - Running feature from file:///E:/SEMESTER%20VI/KAMPUS%20MERDEKA/capstone-pos/automation/api-automation-pos/src/test/resources/api/Authentication/LoginAdmin.feature
11:45:06.840 [main] WARN io.cucumber.core.plugin.SerenityReporter - Feature from file:///E:/SEMESTER%20VI/KAMPUS%20MERDEKA/capstone-pos/automation/api-automation-pos/src/test/resources/api/Authentication/LoginAdmin.feature is not under the 'features' directory. Requirements report will not be correctly generated!
11:45:07.161 [main] DEBUG net.thucydides.core.guice.Injectors - Created injector for module net.thucydides.core.guice.webdriver.WebDriverModule
11:45:07.206 [main] INFO  - 

-------------------------------------------------------------------------------------
     _______. _______ .______       _______ .__   __.  __  .___________.____    ____ 
    /       ||   ____||   _  \     |   ____||  \ |  | |  | |           |\   \  /   / 
   |   (----`|  |__   |  |_)  |    |  |__   |   \|  | |  | `---|  |----` \   \/   /  
    \   \    |   __|  |      /     |   __|  |  . `  | |  |     |  |       \_    _/   
.----)   |   |  |____ |  |\  \----.|  |____ |  |\   | |  |     |  |         |  |     
|_______/    |_______|| _| `._____||_______||__| \__| |__|     |__|         |__|    
                                                                                     
 News and tutorials at http://www.serenity-bdd.info                                  
 Documentation at https://wakaleo.gitbooks.io/the-serenity-book/content/             
 Join the Serenity Community on Gitter: https://gitter.im/serenity-bdd/serenity-core 
 Serenity BDD Support and Training at http://serenity-bdd.info/#/trainingandsupport  
-------------------------------------------------------------------------------------

11:45:07.212 [main] DEBUG net.thucydides.core.steps.StepEventBus - Test suite started for story net.thucydides.core.model.Story@e8eae814
11:45:07.220 [main] INFO  - Test Suite Started: User
11:45:07.331 [main] INFO io.cucumber.core.plugin.SerenityReporter - Running feature from file:///E:/SEMESTER%20VI/KAMPUS%20MERDEKA/capstone-pos/automation/api-automation-pos/src/test/resources/api/Cashier/Cashier.feature
11:45:07.332 [main] WARN io.cucumber.core.plugin.SerenityReporter - Feature from file:///E:/SEMESTER%20VI/KAMPUS%20MERDEKA/capstone-pos/automation/api-automation-pos/src/test/resources/api/Cashier/Cashier.feature is not under the 'features' directory. Requirements report will not be correctly generated!
11:45:07.344 [main] DEBUG net.thucydides.core.steps.StepEventBus - Test suite started for story net.thucydides.core.model.Story@6cdac86e
11:45:07.345 [main] INFO  - Test Suite Started: User
11:45:07.346 [main] INFO io.cucumber.core.plugin.SerenityReporter - Running feature from file:///E:/SEMESTER%20VI/KAMPUS%20MERDEKA/capstone-pos/automation/api-automation-pos/src/test/resources/api/Order/Order.feature
11:45:07.346 [main] WARN io.cucumber.core.plugin.SerenityReporter - Feature from file:///E:/SEMESTER%20VI/KAMPUS%20MERDEKA/capstone-pos/automation/api-automation-pos/src/test/resources/api/Order/Order.feature is not under the 'features' directory. Requirements report will not be correctly generated!
11:45:07.355 [main] DEBUG net.thucydides.core.steps.StepEventBus - Test suite started for story net.thucydides.core.model.Story@8717ae21
11:45:07.356 [main] INFO  - Test Suite Started: Order
11:45:07.358 [main] INFO io.cucumber.core.plugin.SerenityReporter - Running feature from file:///E:/SEMESTER%20VI/KAMPUS%20MERDEKA/capstone-pos/automation/api-automation-pos/src/test/resources/api/Authentication/LoginAdmin.feature
11:45:07.358 [main] WARN io.cucumber.core.plugin.SerenityReporter - Feature from file:///E:/SEMESTER%20VI/KAMPUS%20MERDEKA/capstone-pos/automation/api-automation-pos/src/test/resources/api/Authentication/LoginAdmin.feature is not under the 'features' directory. Requirements report will not be correctly generated!
11:45:07.364 [main] DEBUG net.thucydides.core.steps.StepEventBus - Test suite started for story net.thucydides.core.model.Story@e8eae814
11:45:07.365 [main] INFO  - Test Suite Started: User

@TC01-LoginPositiveAdmin
Scenario: POST - As a admin I can login           &amp#27;[90m# src/test/resources/api/Authentication/LoginAdmin.feature:7&amp#27;[0m
11:45:07.657 [main] INFO io.cucumber.core.plugin.SerenityReporter - Running feature from file:///E:/SEMESTER%20VI/KAMPUS%20MERDEKA/capstone-pos/automation/api-automation-pos/src/test/resources/api/Authentication/LoginAdmin.feature
11:45:07.658 [main] WARN io.cucumber.core.plugin.SerenityReporter - Feature from file:///E:/SEMESTER%20VI/KAMPUS%20MERDEKA/capstone-pos/automation/api-automation-pos/src/test/resources/api/Authentication/LoginAdmin.feature is not under the 'features' directory. Requirements report will not be correctly generated!
11:45:07.953 [main] INFO  - 
  _____   ___   ___   _____     ___   _____     _     ___   _____   ___   ___  
 |_   _| | __| / __| |_   _|   / __| |_   _|   /_\   | _ \ |_   _| | __| |   \ 
   | |   | _|  \__ \   | |     \__ \   | |    / _ \  |   /   | |   | _|  | |) |
   |_|   |___| |___/   |_|     |___/   |_|   /_/ \_\ |_|_\   |_|   |___| |___/ 

POST - As a admin I can login(user;post---as-a-admin-i-can-login)
--------------------------------------------------------------------------------
11:45:09.180 [main] DEBUG net.thucydides.core.steps.StepInterceptor - STARTING STEP: LoginSteps.adminSetTheApiPOSTEndpoint - cashier set the api POST endpoint
11:45:09.189 [main] DEBUG net.thucydides.core.steps.StepInterceptor - STEP DONE: cashier set the api POST endpoint
  &amp#27;[32mGiven &amp#27;[0m&amp#27;[32madmin set the api POST endpoint&amp#27;[0m           &amp#27;[90m# starter.stepdefinitions.Authentication.LoginSteps.adminSetTheApiPOSTEndpoint()&amp#27;[0m
11:45:09.212 [main] DEBUG net.thucydides.core.steps.StepInterceptor - STARTING STEP: LoginSteps.adminSendHTTPPOSTRequest - cashier send HTTP POST request
11:45:12.173 [main] DEBUG net.thucydides.core.steps.StepInterceptor - STARTING STEP: LoginPage.iSendGETHTTPRequest - cashier set the api POST endpoint
11:45:12.174 [main] DEBUG net.thucydides.core.steps.StepInterceptor - STEP DONE: cashier set the api POST endpoint
11:45:14.220 [main] DEBUG org.apache.http.impl.conn.BasicClientConnectionManager - Get connection for route {}->http://128.199.206.32:8000
11:45:14.237 [main] DEBUG org.apache.http.impl.conn.DefaultClientConnectionOperator - Connecting to 128.199.206.32:8000
11:45:14.299 [main] DEBUG org.apache.http.client.protocol.RequestAddCookies - CookieSpec selected: ignoreCookies
11:45:14.302 [main] DEBUG org.apache.http.client.protocol.RequestAuthCache - Auth cache not set in the context
11:45:14.302 [main] DEBUG org.apache.http.client.protocol.RequestTargetAuthentication - Target auth state: UNCHALLENGED
11:45:14.303 [main] DEBUG org.apache.http.client.protocol.RequestProxyAuthentication - Proxy auth state: UNCHALLENGED
11:45:14.303 [main] DEBUG org.apache.http.impl.client.DefaultHttpClient - Attempt 1 to execute request
11:45:14.303 [main] DEBUG org.apache.http.impl.conn.DefaultClientConnection - Sending request: POST /api/v1/admin/login HTTP/1.1
11:45:14.304 [main] DEBUG org.apache.http.wire -  >> "POST /api/v1/admin/login HTTP/1.1[\r][\n]"
11:45:14.305 [main] DEBUG org.apache.http.wire -  >> "Accept: */*[\r][\n]"
11:45:14.305 [main] DEBUG org.apache.http.wire -  >> "Content-Type: application/json[\r][\n]"
11:45:14.305 [main] DEBUG org.apache.http.wire -  >> "Content-Length: 39[\r][\n]"
11:45:14.305 [main] DEBUG org.apache.http.wire -  >> "Host: 128.199.206.32:8000[\r][\n]"
11:45:14.306 [main] DEBUG org.apache.http.wire -  >> "Connection: Keep-Alive[\r][\n]"
11:45:14.306 [main] DEBUG org.apache.http.wire -  >> "User-Agent: Apache-HttpClient/4.5.13 (Java/1.8.0_351)[\r][\n]"
11:45:14.306 [main] DEBUG org.apache.http.wire -  >> "Accept-Encoding: gzip,deflate[\r][\n]"
11:45:14.306 [main] DEBUG org.apache.http.wire -  >> "[\r][\n]"
11:45:14.306 [main] DEBUG org.apache.http.headers - >> POST /api/v1/admin/login HTTP/1.1
11:45:14.306 [main] DEBUG org.apache.http.headers - >> Accept: */*
11:45:14.306 [main] DEBUG org.apache.http.headers - >> Content-Type: application/json
11:45:14.307 [main] DEBUG org.apache.http.headers - >> Content-Length: 39
11:45:14.307 [main] DEBUG org.apache.http.headers - >> Host: 128.199.206.32:8000
11:45:14.307 [main] DEBUG org.apache.http.headers - >> Connection: Keep-Alive
11:45:14.307 [main] DEBUG org.apache.http.headers - >> User-Agent: Apache-HttpClient/4.5.13 (Java/1.8.0_351)
11:45:14.307 [main] DEBUG org.apache.http.headers - >> Accept-Encoding: gzip,deflate
11:45:14.308 [main] DEBUG org.apache.http.wire -  >> "{"password":"admin","username":"admin"}"
11:45:14.646 [main] DEBUG org.apache.http.wire -  << "HTTP/1.1 200 OK[\r][\n]"
11:45:14.649 [main] DEBUG org.apache.http.wire -  << "Content-Type: application/json; charset=UTF-8[\r][\n]"
11:45:14.649 [main] DEBUG org.apache.http.wire -  << "Vary: Origin[\r][\n]"
11:45:14.650 [main] DEBUG org.apache.http.wire -  << "Date: Fri, 16 Jun 2023 04:45:14 GMT[\r][\n]"
11:45:14.650 [main] DEBUG org.apache.http.wire -  << "Content-Length: 246[\r][\n]"
11:45:14.650 [main] DEBUG org.apache.http.wire -  << "[\r][\n]"
11:45:14.651 [main] DEBUG org.apache.http.impl.conn.DefaultClientConnection - Receiving response: HTTP/1.1 200 OK
11:45:14.651 [main] DEBUG org.apache.http.headers - << HTTP/1.1 200 OK
11:45:14.651 [main] DEBUG org.apache.http.headers - << Content-Type: application/json; charset=UTF-8
11:45:14.651 [main] DEBUG org.apache.http.headers - << Vary: Origin
11:45:14.651 [main] DEBUG org.apache.http.headers - << Date: Fri, 16 Jun 2023 04:45:14 GMT
11:45:14.651 [main] DEBUG org.apache.http.headers - << Content-Length: 246
11:45:14.657 [main] DEBUG org.apache.http.impl.client.DefaultHttpClient - Connection can be kept alive indefinitely
11:45:14.665 [main] DEBUG io.restassured.internal.RestAssuredHttpBuilder - Parsing response as: application/json; charset=UTF-8
11:45:14.665 [main] DEBUG io.restassured.internal.RestAssuredHttpBuilder - Parsed data to instance of: class org.apache.http.conn.EofSensorInputStream
11:45:14.768 [main] DEBUG org.apache.http.wire -  << "{"meta":{"code":200,"status":"success","message":"successfully login"},"data":{"username":"admin","user_code":"AM-01","token":"eyJhbGciOiJIUzI1NiIsInR5cCI6IkpXVCJ9.eyJpZCI6MiwiZXhwIjoxNjg2OTAxNTE0fQ.NNXQ02IgtH81Hg_OCpKB6Wt5aKdJsvcIHQPf23FFT8k"}}[\n]"
11:45:14.769 [main] DEBUG org.apache.http.impl.conn.BasicClientConnectionManager - Releasing connection org.apache.http.impl.conn.ManagedClientConnectionImpl@73041b7d
11:45:14.770 [main] DEBUG org.apache.http.impl.conn.BasicClientConnectionManager - Connection can be kept alive indefinitely
11:45:16.170 [main] DEBUG net.thucydides.core.steps.StepInterceptor - STEP DONE: cashier send HTTP POST request
  &amp#27;[32mWhen &amp#27;[0m&amp#27;[32madmin send HTTP POST request&amp#27;[0m               &amp#27;[90m# starter.stepdefinitions.Authentication.LoginSteps.adminSendHTTPPOSTRequest()&amp#27;[0m
11:45:16.186 [main] DEBUG net.thucydides.core.steps.StepInterceptor - STARTING STEP: LoginSteps.adminReceiveValidHTTPResponseCode - cashier receive a valid HTTP response code 200
11:45:16.258 [main] DEBUG net.thucydides.core.steps.StepInterceptor - STEP DONE: cashier receive a valid HTTP response code 200
  &amp#27;[32mThen &amp#27;[0m&amp#27;[32madmin receive valid HTTP response code 200&amp#27;[0m &amp#27;[90m# starter.stepdefinitions.Authentication.LoginSteps.adminReceiveValidHTTPResponseCode()&amp#27;[0m
11:45:16.268 [main] DEBUG net.thucydides.core.steps.StepInterceptor - STARTING STEP: LoginSteps.adminReceivedTheToken - cashier received the token
11:45:16.587 [main] DEBUG net.thucydides.core.steps.StepInterceptor - STEP DONE: cashier received the token
  &amp#27;[32mAnd &amp#27;[0m&amp#27;[32madmin received the token&amp#27;[0m                    &amp#27;[90m# starter.stepdefinitions.Authentication.LoginSteps.adminReceivedTheToken()&amp#27;[0m
11:45:16.611 [main] INFO  - 
  _____   ___   ___   _____     ___     _     ___   ___   ___   ___  
 |_   _| | __| / __| |_   _|   | _ \   /_\   / __| / __| | __| |   \ 
   | |   | _|  \__ \   | |     |  _/  / _ \  \__ \ \__ \ | _|  | |) |
   |_|   |___| |___/   |_|     |_|   /_/ \_\ |___/ |___/ |___| |___/ 

POST - As a admin I can login
----------------------------------------------------------------------
]]></system-out>
  </testcase>
  <testcase name="GET ALL - As admin I can get all data details cashier" classname="User #2" time="1.006">
    <system-out><![CDATA[11:45:16.637 [main] INFO io.cucumber.core.plugin.SerenityReporter - Running feature from file:///E:/SEMESTER%20VI/KAMPUS%20MERDEKA/capstone-pos/automation/api-automation-pos/src/test/resources/api/Cashier/Cashier.feature
11:45:16.637 [main] WARN io.cucumber.core.plugin.SerenityReporter - Feature from file:///E:/SEMESTER%20VI/KAMPUS%20MERDEKA/capstone-pos/automation/api-automation-pos/src/test/resources/api/Cashier/Cashier.feature is not under the 'features' directory. Requirements report will not be correctly generated!
11:45:16.645 [main] DEBUG net.thucydides.core.steps.StepEventBus - Test suite started for story net.thucydides.core.model.Story@6cdac86e
11:45:16.668 [main] INFO  - Test Suite Started: User

@GetAllCashier
Scenario: GET ALL - As admin I can get all data details cashier &amp#27;[90m# src/test/resources/api/Cashier/Cashier.feature:7&amp#27;[0m
11:45:16.692 [main] INFO io.cucumber.core.plugin.SerenityReporter - Running feature from file:///E:/SEMESTER%20VI/KAMPUS%20MERDEKA/capstone-pos/automation/api-automation-pos/src/test/resources/api/Cashier/Cashier.feature
11:45:16.692 [main] WARN io.cucumber.core.plugin.SerenityReporter - Feature from file:///E:/SEMESTER%20VI/KAMPUS%20MERDEKA/capstone-pos/automation/api-automation-pos/src/test/resources/api/Cashier/Cashier.feature is not under the 'features' directory. Requirements report will not be correctly generated!
11:45:16.698 [main] INFO  - 
  _____   ___   ___   _____     ___   _____     _     ___   _____   ___   ___  
 |_   _| | __| / __| |_   _|   / __| |_   _|   /_\   | _ \ |_   _| | __| |   \ 
   | |   | _|  \__ \   | |     \__ \   | |    / _ \  |   /   | |   | _|  | |) |
   |_|   |___| |___/   |_|     |___/   |_|   /_/ \_\ |_|_\   |_|   |___| |___/ 

GET ALL - As admin I can get all data details cashier(user;get-all---as-admin-i-can-get-all-data-details-cashier)
--------------------------------------------------------------------------------
11:45:16.787 [main] DEBUG net.thucydides.core.steps.StepInterceptor - STARTING STEP: GetAllCashierSteps.adminHasApiEndpointGetAllCashier - admin has api endpoint get all cashier
11:45:16.789 [main] DEBUG net.thucydides.core.steps.StepInterceptor - STEP DONE: admin has api endpoint get all cashier
  &amp#27;[32mGiven &amp#27;[0m&amp#27;[32madmin has api endpoint get all cashier&amp#27;[0m                  &amp#27;[90m# starter.stepdefinitions.Cashier.GetAllCashierSteps.adminHasApiEndpointGetAllCashier()&amp#27;[0m
11:45:16.806 [main] DEBUG net.thucydides.core.steps.StepInterceptor - STARTING STEP: GetAllCashierSteps.adminSendHTTPRequestGetAllCashier - admin send HTTP request get all cashier
11:45:16.814 [main] DEBUG net.thucydides.core.steps.StepInterceptor - STARTING STEP: GetAllCashierPage.adminSendHTTPRequestGetAllCashier - admin has api endpoint get all cashier
11:45:16.814 [main] DEBUG net.thucydides.core.steps.StepInterceptor - STEP DONE: admin has api endpoint get all cashier
11:45:17.031 [main] DEBUG org.apache.http.impl.conn.BasicClientConnectionManager - Get connection for route {}->http://128.199.206.32:8000
11:45:17.032 [main] DEBUG org.apache.http.impl.conn.DefaultClientConnectionOperator - Connecting to 128.199.206.32:8000
11:45:17.065 [main] DEBUG org.apache.http.client.protocol.RequestAddCookies - CookieSpec selected: ignoreCookies
11:45:17.067 [main] DEBUG org.apache.http.client.protocol.RequestAuthCache - Auth cache not set in the context
11:45:17.068 [main] DEBUG org.apache.http.client.protocol.RequestProxyAuthentication - Proxy auth state: UNCHALLENGED
11:45:17.078 [main] DEBUG org.apache.http.impl.client.DefaultHttpClient - Attempt 1 to execute request
11:45:17.078 [main] DEBUG org.apache.http.impl.conn.DefaultClientConnection - Sending request: GET /api/v1/admin/cashier?page=1 HTTP/1.1
11:45:17.079 [main] DEBUG org.apache.http.wire -  >> "GET /api/v1/admin/cashier?page=1 HTTP/1.1[\r][\n]"
11:45:17.079 [main] DEBUG org.apache.http.wire -  >> "Authorization: Bearer eyJhbGciOiJIUzI1NiIsInR5cCI6IkpXVCJ9.eyJpZCI6MiwiZXhwIjoxNjg2OTAxNTE0fQ.NNXQ02IgtH81Hg_OCpKB6Wt5aKdJsvcIHQPf23FFT8k[\r][\n]"
11:45:17.079 [main] DEBUG org.apache.http.wire -  >> "Accept: */*[\r][\n]"
11:45:17.079 [main] DEBUG org.apache.http.wire -  >> "Host: 128.199.206.32:8000[\r][\n]"
11:45:17.079 [main] DEBUG org.apache.http.wire -  >> "Connection: Keep-Alive[\r][\n]"
11:45:17.079 [main] DEBUG org.apache.http.wire -  >> "User-Agent: Apache-HttpClient/4.5.13 (Java/1.8.0_351)[\r][\n]"
11:45:17.080 [main] DEBUG org.apache.http.wire -  >> "Accept-Encoding: gzip,deflate[\r][\n]"
11:45:17.080 [main] DEBUG org.apache.http.wire -  >> "[\r][\n]"
11:45:17.080 [main] DEBUG org.apache.http.headers - >> GET /api/v1/admin/cashier?page=1 HTTP/1.1
11:45:17.080 [main] DEBUG org.apache.http.headers - >> Authorization: Bearer eyJhbGciOiJIUzI1NiIsInR5cCI6IkpXVCJ9.eyJpZCI6MiwiZXhwIjoxNjg2OTAxNTE0fQ.NNXQ02IgtH81Hg_OCpKB6Wt5aKdJsvcIHQPf23FFT8k
11:45:17.080 [main] DEBUG org.apache.http.headers - >> Accept: */*
11:45:17.080 [main] DEBUG org.apache.http.headers - >> Host: 128.199.206.32:8000
11:45:17.080 [main] DEBUG org.apache.http.headers - >> Connection: Keep-Alive
11:45:17.080 [main] DEBUG org.apache.http.headers - >> User-Agent: Apache-HttpClient/4.5.13 (Java/1.8.0_351)
11:45:17.080 [main] DEBUG org.apache.http.headers - >> Accept-Encoding: gzip,deflate
11:45:17.116 [main] DEBUG org.apache.http.wire -  << "HTTP/1.1 200 OK[\r][\n]"
11:45:17.118 [main] DEBUG org.apache.http.wire -  << "Content-Type: application/json; charset=UTF-8[\r][\n]"
11:45:17.118 [main] DEBUG org.apache.http.wire -  << "Vary: Origin[\r][\n]"
11:45:17.118 [main] DEBUG org.apache.http.wire -  << "Date: Fri, 16 Jun 2023 04:45:17 GMT[\r][\n]"
11:45:17.119 [main] DEBUG org.apache.http.wire -  << "Content-Length: 2033[\r][\n]"
11:45:17.119 [main] DEBUG org.apache.http.wire -  << "[\r][\n]"
11:45:17.119 [main] DEBUG org.apache.http.impl.conn.DefaultClientConnection - Receiving response: HTTP/1.1 200 OK
11:45:17.119 [main] DEBUG org.apache.http.headers - << HTTP/1.1 200 OK
11:45:17.119 [main] DEBUG org.apache.http.headers - << Content-Type: application/json; charset=UTF-8
11:45:17.119 [main] DEBUG org.apache.http.headers - << Vary: Origin
11:45:17.119 [main] DEBUG org.apache.http.headers - << Date: Fri, 16 Jun 2023 04:45:17 GMT
11:45:17.119 [main] DEBUG org.apache.http.headers - << Content-Length: 2033
11:45:17.120 [main] DEBUG org.apache.http.impl.client.DefaultHttpClient - Connection can be kept alive indefinitely
11:45:17.120 [main] DEBUG io.restassured.internal.RestAssuredHttpBuilder - Parsing response as: application/json; charset=UTF-8
11:45:17.120 [main] DEBUG io.restassured.internal.RestAssuredHttpBuilder - Parsed data to instance of: class org.apache.http.conn.EofSensorInputStream
11:45:17.123 [main] DEBUG org.apache.http.wire -  << "{"meta":{"code":200,"status":"success","message":"successfully retrieved data"},"data":[{"id":4,"id_code":"LHGY-4033","name":"kaffein","password":"kaffein","role":"cashier","created_at":"2023-06-12T14:11:07+07:00","updated_at":"2023-06-12T14:11:07+07:00","transactions":null},{"id":6,"id_code":"RZUJ-8997","name":"kaffein","password":"$2a$10$Sm29AKkcGTLQQ4PV2.4tAeZeLolf/rHYE2z7LSeKYG.sSuA4E5znO","role":"cashier","created_at":"2023-06-12T14:52:09+07:00","updated_at":"2023-06-12T14:52:10+07:00","transactions":null},{"id":8,"id_code":"VGIK-8413","name":"kaffein","password":"$2a$10$PGfjX1qXNnxaKINezDggG.QdCp4Z8xplW410G9eKe8Qw5m1i5qfx6","role":"cashier","created_at":"2023-06-13T09:38:09+07:00","updated_at":"2023-06-13T09:38:09+07:00","transactions":null},{"id":17,"id_code":"GOPY-4727","name":"putriupdate","password":"$2a$10$UCpSw4cLC5moTlImXl4QWOZd2ZS6vV1R29OFW0UtAMadprraXpJ1S","role":"cashier","created_at":"2023-06-14T16:18:13+07:00","updated_at":"2023-06-15T13:02:04+07:00","transactions":null},{"id":33,"id_code":"AOPJ-1830","name":"CS-01","password":"$2a$10$hUVbg0P5WtiR1K4/LJGiquScrpOh7uQpBWPjkaI90lCCaWD/ujaju","role":"cashier","created_at":"2023-06-14T23:00:42+07:00","updated_at":"2023-06-14T23:00:42+07:00","transactions":null},{"id":34,"id_code":"ITMT-3351","name":"kasir","password":"$2a$10$WkYplsD3HqDOYjErW.MV9ew8KRgAWqyAFmEsIy9UkrWUn9ogM89hu","role":"cashier","created_at":"2023-06-14T23:03:37+07:00","updated_at":"2023-06-14T23:03:37+07:00","transactions":null},{"id":44,"id_code":"LLES-9097","name":"CS-03","password":"$2a$10$BuomJDAJ4t2cw04DKG2xT.ApW2ZMfY.kdOIMqMqsl8dzSf4nVTbPe","role":"cashier","created_at":"2023-06-15T13:02:04+07:00","updated_at":"2023-06-15T13:02:04+07:00","transactions":null},{"id":45,"id_code":"NZLP-3311","name":"zulfa","password":"$2a$10$iAmlagFELKetAi7NCA3OEeplbth.fyouJHhpmA57atvRqSBH1Z5iK","role":"cashier","created_at":"2023-06-15T16:22:21+07:00","updated_at":"2023-06-15T16:22:21+07:00","transactions":null}],"pagination":{"page":1,"limit":10,"total_items":8,"total_pages":1}}[\n]"
11:45:17.124 [main] DEBUG org.apache.http.impl.conn.BasicClientConnectionManager - Releasing connection org.apache.http.impl.conn.ManagedClientConnectionImpl@64f4f12
11:45:17.125 [main] DEBUG org.apache.http.impl.conn.BasicClientConnectionManager - Connection can be kept alive indefinitely
11:45:17.142 [main] DEBUG net.thucydides.core.steps.StepInterceptor - STEP DONE: admin send HTTP request get all cashier
  &amp#27;[32mWhen &amp#27;[0m&amp#27;[32madmin send HTTP request get all cashier&amp#27;[0m                  &amp#27;[90m# starter.stepdefinitions.Cashier.GetAllCashierSteps.adminSendHTTPRequestGetAllCashier()&amp#27;[0m
11:45:17.152 [main] DEBUG net.thucydides.core.steps.StepInterceptor - STARTING STEP: GetAllCashierSteps.adminReceiveResponseCode - admin receive response code 200
11:45:17.155 [main] DEBUG net.thucydides.core.steps.StepInterceptor - STEP DONE: admin receive response code 200
  &amp#27;[32mThen &amp#27;[0m&amp#27;[32madmin receive response code 200&amp#27;[0m                          &amp#27;[90m# starter.stepdefinitions.Cashier.GetAllCashierSteps.adminReceiveResponseCode()&amp#27;[0m
11:45:17.172 [main] DEBUG net.thucydides.core.steps.StepInterceptor - STARTING STEP: GetAllCashierSteps.adminValidateResponseBodyGetCashierInformation - admin validate response body get cashier information
11:45:17.664 [main] DEBUG net.thucydides.core.steps.StepInterceptor - STEP DONE: admin validate response body get cashier information
  &amp#27;[32mAnd &amp#27;[0m&amp#27;[32madmin validate response body get cashier information&amp#27;[0m      &amp#27;[90m# starter.stepdefinitions.Cashier.GetAllCashierSteps.adminValidateResponseBodyGetCashierInformation()&amp#27;[0m
11:45:17.672 [main] INFO  - 
  _____   ___   ___   _____     ___     _     ___   ___   ___   ___  
 |_   _| | __| / __| |_   _|   | _ \   /_\   / __| / __| | __| |   \ 
   | |   | _|  \__ \   | |     |  _/  / _ \  \__ \ \__ \ | _|  | |) |
   |_|   |___| |___/   |_|     |_|   /_/ \_\ |___/ |___/ |___| |___/ 

GET ALL - As admin I can get all data details cashier
----------------------------------------------------------------------
]]></system-out>
  </testcase>
  <testcase name="GET - As admin I can get search data details cashier" classname="User #2" time="0.595">
    <system-out><![CDATA[
@GetSearchCashier
Scenario: GET - As admin I can get search data details cashier    &amp#27;[90m# src/test/resources/api/Cashier/Cashier.feature:14&amp#27;[0m
11:45:17.690 [main] INFO io.cucumber.core.plugin.SerenityReporter - Running feature from file:///E:/SEMESTER%20VI/KAMPUS%20MERDEKA/capstone-pos/automation/api-automation-pos/src/test/resources/api/Cashier/Cashier.feature
11:45:17.691 [main] WARN io.cucumber.core.plugin.SerenityReporter - Feature from file:///E:/SEMESTER%20VI/KAMPUS%20MERDEKA/capstone-pos/automation/api-automation-pos/src/test/resources/api/Cashier/Cashier.feature is not under the 'features' directory. Requirements report will not be correctly generated!
11:45:17.722 [main] INFO  - 
  _____   ___   ___   _____     ___   _____     _     ___   _____   ___   ___  
 |_   _| | __| / __| |_   _|   / __| |_   _|   /_\   | _ \ |_   _| | __| |   \ 
   | |   | _|  \__ \   | |     \__ \   | |    / _ \  |   /   | |   | _|  | |) |
   |_|   |___| |___/   |_|     |___/   |_|   /_/ \_\ |_|_\   |_|   |___| |___/ 

GET - As admin I can get search data details cashier(user;get---as-admin-i-can-get-search-data-details-cashier)
--------------------------------------------------------------------------------
11:45:17.830 [main] DEBUG net.thucydides.core.steps.StepInterceptor - STARTING STEP: GetSearchCashierSteps.adminHasApiEndpointGetCashier - admin has api endpoint get cashier
11:45:17.832 [main] DEBUG net.thucydides.core.steps.StepInterceptor - STEP DONE: admin has api endpoint get cashier
  &amp#27;[32mGiven &amp#27;[0m&amp#27;[32madmin has api endpoint get cashier&amp#27;[0m                        &amp#27;[90m# starter.stepdefinitions.Cashier.GetSearchCashierSteps.adminHasApiEndpointGetCashier()&amp#27;[0m
11:45:17.854 [main] DEBUG net.thucydides.core.steps.StepInterceptor - STARTING STEP: GetSearchCashierSteps.adminSendHTTPRequestGetCashier - admin send HTTP request get cashier
11:45:17.858 [main] DEBUG net.thucydides.core.steps.StepInterceptor - STARTING STEP: GetSearchCashierPage.adminSendHTTPRequestGetCashier - admin has api endpoint get cashier
11:45:17.858 [main] DEBUG net.thucydides.core.steps.StepInterceptor - STEP DONE: admin has api endpoint get cashier
11:45:17.940 [main] DEBUG org.apache.http.impl.conn.BasicClientConnectionManager - Get connection for route {}->http://128.199.206.32:8000
11:45:17.940 [main] DEBUG org.apache.http.impl.conn.DefaultClientConnectionOperator - Connecting to 128.199.206.32:8000
11:45:17.970 [main] DEBUG org.apache.http.client.protocol.RequestAddCookies - CookieSpec selected: ignoreCookies
11:45:17.970 [main] DEBUG org.apache.http.client.protocol.RequestAuthCache - Auth cache not set in the context
11:45:17.970 [main] DEBUG org.apache.http.client.protocol.RequestProxyAuthentication - Proxy auth state: UNCHALLENGED
11:45:17.970 [main] DEBUG org.apache.http.impl.client.DefaultHttpClient - Attempt 1 to execute request
11:45:17.970 [main] DEBUG org.apache.http.impl.conn.DefaultClientConnection - Sending request: GET /api/v1/admin/cashier/search?user_code=LHGY-4033 HTTP/1.1
11:45:17.971 [main] DEBUG org.apache.http.wire -  >> "GET /api/v1/admin/cashier/search?user_code=LHGY-4033 HTTP/1.1[\r][\n]"
11:45:17.971 [main] DEBUG org.apache.http.wire -  >> "Authorization: Bearer eyJhbGciOiJIUzI1NiIsInR5cCI6IkpXVCJ9.eyJpZCI6MiwiZXhwIjoxNjg2OTAxNTE0fQ.NNXQ02IgtH81Hg_OCpKB6Wt5aKdJsvcIHQPf23FFT8k[\r][\n]"
11:45:17.971 [main] DEBUG org.apache.http.wire -  >> "Accept: */*[\r][\n]"
11:45:17.971 [main] DEBUG org.apache.http.wire -  >> "Host: 128.199.206.32:8000[\r][\n]"
11:45:17.971 [main] DEBUG org.apache.http.wire -  >> "Connection: Keep-Alive[\r][\n]"
11:45:17.971 [main] DEBUG org.apache.http.wire -  >> "User-Agent: Apache-HttpClient/4.5.13 (Java/1.8.0_351)[\r][\n]"
11:45:17.971 [main] DEBUG org.apache.http.wire -  >> "Accept-Encoding: gzip,deflate[\r][\n]"
11:45:17.971 [main] DEBUG org.apache.http.wire -  >> "[\r][\n]"
11:45:17.971 [main] DEBUG org.apache.http.headers - >> GET /api/v1/admin/cashier/search?user_code=LHGY-4033 HTTP/1.1
11:45:17.971 [main] DEBUG org.apache.http.headers - >> Authorization: Bearer eyJhbGciOiJIUzI1NiIsInR5cCI6IkpXVCJ9.eyJpZCI6MiwiZXhwIjoxNjg2OTAxNTE0fQ.NNXQ02IgtH81Hg_OCpKB6Wt5aKdJsvcIHQPf23FFT8k
11:45:17.971 [main] DEBUG org.apache.http.headers - >> Accept: */*
11:45:17.971 [main] DEBUG org.apache.http.headers - >> Host: 128.199.206.32:8000
11:45:17.972 [main] DEBUG org.apache.http.headers - >> Connection: Keep-Alive
11:45:17.972 [main] DEBUG org.apache.http.headers - >> User-Agent: Apache-HttpClient/4.5.13 (Java/1.8.0_351)
11:45:17.972 [main] DEBUG org.apache.http.headers - >> Accept-Encoding: gzip,deflate
11:45:18.008 [main] DEBUG org.apache.http.wire -  << "HTTP/1.1 200 OK[\r][\n]"
11:45:18.009 [main] DEBUG org.apache.http.wire -  << "Content-Type: application/json; charset=UTF-8[\r][\n]"
11:45:18.009 [main] DEBUG org.apache.http.wire -  << "Vary: Origin[\r][\n]"
11:45:18.009 [main] DEBUG org.apache.http.wire -  << "Date: Fri, 16 Jun 2023 04:45:18 GMT[\r][\n]"
11:45:18.009 [main] DEBUG org.apache.http.wire -  << "Content-Length: 262[\r][\n]"
11:45:18.010 [main] DEBUG org.apache.http.wire -  << "[\r][\n]"
11:45:18.010 [main] DEBUG org.apache.http.impl.conn.DefaultClientConnection - Receiving response: HTTP/1.1 200 OK
11:45:18.010 [main] DEBUG org.apache.http.headers - << HTTP/1.1 200 OK
11:45:18.010 [main] DEBUG org.apache.http.headers - << Content-Type: application/json; charset=UTF-8
11:45:18.010 [main] DEBUG org.apache.http.headers - << Vary: Origin
11:45:18.010 [main] DEBUG org.apache.http.headers - << Date: Fri, 16 Jun 2023 04:45:18 GMT
11:45:18.010 [main] DEBUG org.apache.http.headers - << Content-Length: 262
11:45:18.010 [main] DEBUG org.apache.http.impl.client.DefaultHttpClient - Connection can be kept alive indefinitely
11:45:18.011 [main] DEBUG io.restassured.internal.RestAssuredHttpBuilder - Parsing response as: application/json; charset=UTF-8
11:45:18.011 [main] DEBUG io.restassured.internal.RestAssuredHttpBuilder - Parsed data to instance of: class org.apache.http.conn.EofSensorInputStream
11:45:18.030 [main] DEBUG org.apache.http.wire -  << "{"meta":{"code":200,"status":"Success","message":"Cashier found"},"data":{"id":4,"id_code":"LHGY-4033","name":"kaffein","password":"kaffein","role":"cashier","created_at":"2023-06-12T14:11:07+07:00","updated_at":"2023-06-12T14:11:07+07:00","transactions":null}}[\n]"
11:45:18.036 [main] DEBUG org.apache.http.impl.conn.BasicClientConnectionManager - Releasing connection org.apache.http.impl.conn.ManagedClientConnectionImpl@497ed877
11:45:18.037 [main] DEBUG org.apache.http.impl.conn.BasicClientConnectionManager - Connection can be kept alive indefinitely
11:45:18.039 [main] DEBUG net.thucydides.core.steps.StepInterceptor - STEP DONE: admin send HTTP request get cashier
  &amp#27;[32mWhen &amp#27;[0m&amp#27;[32madmin send HTTP request get cashier&amp#27;[0m                        &amp#27;[90m# starter.stepdefinitions.Cashier.GetSearchCashierSteps.adminSendHTTPRequestGetCashier()&amp#27;[0m
11:45:18.104 [Finalizer] DEBUG org.apache.http.impl.conn.DefaultClientConnection - Connection 0.0.0.0:53891<->128.199.206.32:8000 closed
11:45:18.132 [main] DEBUG net.thucydides.core.steps.StepInterceptor - STARTING STEP: GetAllCashierSteps.adminReceiveResponseCode - admin receive response code 200
11:45:18.136 [main] DEBUG net.thucydides.core.steps.StepInterceptor - STEP DONE: admin receive response code 200
  &amp#27;[32mThen &amp#27;[0m&amp#27;[32madmin receive response code 200&amp#27;[0m                            &amp#27;[90m# starter.stepdefinitions.Cashier.GetAllCashierSteps.adminReceiveResponseCode()&amp#27;[0m
11:45:18.158 [main] DEBUG net.thucydides.core.steps.StepInterceptor - STARTING STEP: GetSearchCashierSteps.adminValidateResponseBodyGetSearchCashierInformation - admin validate response body get search cashier information
11:45:18.265 [main] DEBUG net.thucydides.core.steps.StepInterceptor - STEP DONE: admin validate response body get search cashier information
  &amp#27;[32mAnd &amp#27;[0m&amp#27;[32madmin validate response body get search cashier information&amp#27;[0m &amp#27;[90m# starter.stepdefinitions.Cashier.GetSearchCashierSteps.adminValidateResponseBodyGetSearchCashierInformation()&amp#27;[0m
11:45:18.272 [main] INFO  - 
  _____   ___   ___   _____     ___     _     ___   ___   ___   ___  
 |_   _| | __| / __| |_   _|   | _ \   /_\   / __| / __| | __| |   \ 
   | |   | _|  \__ \   | |     |  _/  / _ \  \__ \ \__ \ | _|  | |) |
   |_|   |___| |___/   |_|     |_|   /_/ \_\ |___/ |___/ |___| |___/ 

GET - As admin I can get search data details cashier
----------------------------------------------------------------------
]]></system-out>
  </testcase>
  <testcase name="POST - As admin I can add new cashier data" classname="User #2" time="0.649">
    <system-out><![CDATA[
@PostCreateCashier
Scenario: POST - As admin I can add new cashier data       &amp#27;[90m# src/test/resources/api/Cashier/Cashier.feature:21&amp#27;[0m
11:45:18.324 [main] INFO io.cucumber.core.plugin.SerenityReporter - Running feature from file:///E:/SEMESTER%20VI/KAMPUS%20MERDEKA/capstone-pos/automation/api-automation-pos/src/test/resources/api/Cashier/Cashier.feature
11:45:18.324 [main] WARN io.cucumber.core.plugin.SerenityReporter - Feature from file:///E:/SEMESTER%20VI/KAMPUS%20MERDEKA/capstone-pos/automation/api-automation-pos/src/test/resources/api/Cashier/Cashier.feature is not under the 'features' directory. Requirements report will not be correctly generated!
11:45:18.387 [main] INFO  - 
  _____   ___   ___   _____     ___   _____     _     ___   _____   ___   ___  
 |_   _| | __| / __| |_   _|   / __| |_   _|   /_\   | _ \ |_   _| | __| |   \ 
   | |   | _|  \__ \   | |     \__ \   | |    / _ \  |   /   | |   | _|  | |) |
   |_|   |___| |___/   |_|     |___/   |_|   /_/ \_\ |_|_\   |_|   |___| |___/ 

POST - As admin I can add new cashier data(user;post---as-admin-i-can-add-new-cashier-data)
--------------------------------------------------------------------------------
11:45:18.474 [main] DEBUG net.thucydides.core.steps.StepInterceptor - STARTING STEP: PostCreateCashierSteps.adminHasApiEndpointCreateNewCashier - admin has api endpoint create new cashier
11:45:18.475 [main] DEBUG net.thucydides.core.steps.StepInterceptor - STEP DONE: admin has api endpoint create new cashier
  &amp#27;[32mGiven &amp#27;[0m&amp#27;[32madmin has api endpoint create new cashier&amp#27;[0m          &amp#27;[90m# starter.stepdefinitions.Cashier.PostCreateCashierSteps.adminHasApiEndpointCreateNewCashier()&amp#27;[0m
11:45:18.484 [main] DEBUG net.thucydides.core.steps.StepInterceptor - STARTING STEP: PostCreateCashierSteps.adminSendHTTPRequestCreateNewCashier - admin send HTTP request create new cashier
11:45:18.491 [main] DEBUG net.thucydides.core.steps.StepInterceptor - STARTING STEP: PostCreateCashierPage.adminSendHTTPRequestCreateNewCashier - admin has api endpoint create new cashier
11:45:18.492 [main] DEBUG net.thucydides.core.steps.StepInterceptor - STEP DONE: admin has api endpoint create new cashier
11:45:18.552 [main] DEBUG org.apache.http.impl.conn.BasicClientConnectionManager - Get connection for route {}->http://128.199.206.32:8000
11:45:18.553 [main] DEBUG org.apache.http.impl.conn.DefaultClientConnectionOperator - Connecting to 128.199.206.32:8000
11:45:18.581 [main] DEBUG org.apache.http.client.protocol.RequestAddCookies - CookieSpec selected: ignoreCookies
11:45:18.581 [main] DEBUG org.apache.http.client.protocol.RequestAuthCache - Auth cache not set in the context
11:45:18.581 [main] DEBUG org.apache.http.client.protocol.RequestProxyAuthentication - Proxy auth state: UNCHALLENGED
11:45:18.581 [main] DEBUG org.apache.http.impl.client.DefaultHttpClient - Attempt 1 to execute request
11:45:18.581 [main] DEBUG org.apache.http.impl.conn.DefaultClientConnection - Sending request: POST /api/v1/admin/cashier HTTP/1.1
11:45:18.581 [main] DEBUG org.apache.http.wire -  >> "POST /api/v1/admin/cashier HTTP/1.1[\r][\n]"
11:45:18.582 [main] DEBUG org.apache.http.wire -  >> "Authorization: Bearer eyJhbGciOiJIUzI1NiIsInR5cCI6IkpXVCJ9.eyJpZCI6MiwiZXhwIjoxNjg2OTAxNTE0fQ.NNXQ02IgtH81Hg_OCpKB6Wt5aKdJsvcIHQPf23FFT8k[\r][\n]"
11:45:18.582 [main] DEBUG org.apache.http.wire -  >> "Accept: */*[\r][\n]"
11:45:18.582 [main] DEBUG org.apache.http.wire -  >> "Content-Type: application/json[\r][\n]"
11:45:18.582 [main] DEBUG org.apache.http.wire -  >> "Content-Length: 60[\r][\n]"
11:45:18.582 [main] DEBUG org.apache.http.wire -  >> "Host: 128.199.206.32:8000[\r][\n]"
11:45:18.582 [main] DEBUG org.apache.http.wire -  >> "Connection: Keep-Alive[\r][\n]"
11:45:18.582 [main] DEBUG org.apache.http.wire -  >> "User-Agent: Apache-HttpClient/4.5.13 (Java/1.8.0_351)[\r][\n]"
11:45:18.582 [main] DEBUG org.apache.http.wire -  >> "Accept-Encoding: gzip,deflate[\r][\n]"
11:45:18.582 [main] DEBUG org.apache.http.wire -  >> "[\r][\n]"
11:45:18.582 [main] DEBUG org.apache.http.headers - >> POST /api/v1/admin/cashier HTTP/1.1
11:45:18.582 [main] DEBUG org.apache.http.headers - >> Authorization: Bearer eyJhbGciOiJIUzI1NiIsInR5cCI6IkpXVCJ9.eyJpZCI6MiwiZXhwIjoxNjg2OTAxNTE0fQ.NNXQ02IgtH81Hg_OCpKB6Wt5aKdJsvcIHQPf23FFT8k
11:45:18.582 [main] DEBUG org.apache.http.headers - >> Accept: */*
11:45:18.582 [main] DEBUG org.apache.http.headers - >> Content-Type: application/json
11:45:18.582 [main] DEBUG org.apache.http.headers - >> Content-Length: 60
11:45:18.582 [main] DEBUG org.apache.http.headers - >> Host: 128.199.206.32:8000
11:45:18.582 [main] DEBUG org.apache.http.headers - >> Connection: Keep-Alive
11:45:18.583 [main] DEBUG org.apache.http.headers - >> User-Agent: Apache-HttpClient/4.5.13 (Java/1.8.0_351)
11:45:18.584 [main] DEBUG org.apache.http.headers - >> Accept-Encoding: gzip,deflate
11:45:18.585 [main] DEBUG org.apache.http.wire -  >> "{"password":"cashier04","role":"cashier","username":"CS-04"}"
11:45:18.763 [main] DEBUG org.apache.http.wire -  << "HTTP/1.1 200 OK[\r][\n]"
11:45:18.763 [main] DEBUG org.apache.http.wire -  << "Content-Type: application/json; charset=UTF-8[\r][\n]"
11:45:18.763 [main] DEBUG org.apache.http.wire -  << "Vary: Origin[\r][\n]"
11:45:18.763 [main] DEBUG org.apache.http.wire -  << "Date: Fri, 16 Jun 2023 04:45:19 GMT[\r][\n]"
11:45:18.763 [main] DEBUG org.apache.http.wire -  << "Content-Length: 226[\r][\n]"
11:45:18.763 [main] DEBUG org.apache.http.wire -  << "[\r][\n]"
11:45:18.763 [main] DEBUG org.apache.http.impl.conn.DefaultClientConnection - Receiving response: HTTP/1.1 200 OK
11:45:18.763 [main] DEBUG org.apache.http.headers - << HTTP/1.1 200 OK
11:45:18.763 [main] DEBUG org.apache.http.headers - << Content-Type: application/json; charset=UTF-8
11:45:18.763 [main] DEBUG org.apache.http.headers - << Vary: Origin
11:45:18.763 [main] DEBUG org.apache.http.headers - << Date: Fri, 16 Jun 2023 04:45:19 GMT
11:45:18.763 [main] DEBUG org.apache.http.headers - << Content-Length: 226
11:45:18.764 [main] DEBUG org.apache.http.impl.client.DefaultHttpClient - Connection can be kept alive indefinitely
11:45:18.764 [main] DEBUG io.restassured.internal.RestAssuredHttpBuilder - Parsing response as: application/json; charset=UTF-8
11:45:18.764 [main] DEBUG io.restassured.internal.RestAssuredHttpBuilder - Parsed data to instance of: class org.apache.http.conn.EofSensorInputStream
11:45:18.767 [main] DEBUG org.apache.http.wire -  << "{"meta":{"code":201,"status":"Success","message":"Cashier created"},"data":{"id":46,"id_code":"KXPC-8218","name":"CS-04","role":"cashier","created_at":"2023-06-16T04:45:19.028190139Z","updated_at":"2023-06-16T04:45:19.029Z"}}[\n]"
11:45:18.767 [main] DEBUG org.apache.http.impl.conn.BasicClientConnectionManager - Releasing connection org.apache.http.impl.conn.ManagedClientConnectionImpl@79ca7bea
11:45:18.767 [main] DEBUG org.apache.http.impl.conn.BasicClientConnectionManager - Connection can be kept alive indefinitely
11:45:18.768 [main] DEBUG net.thucydides.core.steps.StepInterceptor - STEP DONE: admin send HTTP request create new cashier
  &amp#27;[32mWhen &amp#27;[0m&amp#27;[32madmin send HTTP request create new cashier&amp#27;[0m          &amp#27;[90m# starter.stepdefinitions.Cashier.PostCreateCashierSteps.adminSendHTTPRequestCreateNewCashier()&amp#27;[0m
11:45:18.783 [main] DEBUG net.thucydides.core.steps.StepInterceptor - STARTING STEP: GetAllCashierSteps.adminReceiveResponseCode - admin receive response code 200
11:45:18.789 [main] DEBUG net.thucydides.core.steps.StepInterceptor - STEP DONE: admin receive response code 200
  &amp#27;[32mThen &amp#27;[0m&amp#27;[32madmin receive response code 200&amp#27;[0m                     &amp#27;[90m# starter.stepdefinitions.Cashier.GetAllCashierSteps.adminReceiveResponseCode()&amp#27;[0m
11:45:18.797 [main] DEBUG net.thucydides.core.steps.StepInterceptor - STARTING STEP: PostCreateCashierSteps.adminValidateResponseBodyPostCreateNewCashier - admin validate response body post create new cashier
11:45:18.916 [main] DEBUG net.thucydides.core.steps.StepInterceptor - STEP DONE: admin validate response body post create new cashier
  &amp#27;[32mAnd &amp#27;[0m&amp#27;[32madmin validate response body post create new cashier&amp#27;[0m &amp#27;[90m# starter.stepdefinitions.Cashier.PostCreateCashierSteps.adminValidateResponseBodyPostCreateNewCashier()&amp#27;[0m
11:45:18.922 [main] INFO  - 
  _____   ___   ___   _____     ___     _     ___   ___   ___   ___  
 |_   _| | __| / __| |_   _|   | _ \   /_\   / __| / __| | __| |   \ 
   | |   | _|  \__ \   | |     |  _/  / _ \  \__ \ \__ \ | _|  | |) |
   |_|   |___| |___/   |_|     |_|   /_/ \_\ |___/ |___/ |___| |___/ 

POST - As admin I can add new cashier data
----------------------------------------------------------------------
]]></system-out>
  </testcase>
  <testcase name="PUT - As admin I can update cashier data by id" classname="User #2" time="0.508">
    <system-out><![CDATA[
@UpdateCashierByID
Scenario: PUT - As admin I can update cashier data by id &amp#27;[90m# src/test/resources/api/Cashier/Cashier.feature:28&amp#27;[0m
11:45:18.960 [main] INFO io.cucumber.core.plugin.SerenityReporter - Running feature from file:///E:/SEMESTER%20VI/KAMPUS%20MERDEKA/capstone-pos/automation/api-automation-pos/src/test/resources/api/Cashier/Cashier.feature
11:45:18.960 [main] WARN io.cucumber.core.plugin.SerenityReporter - Feature from file:///E:/SEMESTER%20VI/KAMPUS%20MERDEKA/capstone-pos/automation/api-automation-pos/src/test/resources/api/Cashier/Cashier.feature is not under the 'features' directory. Requirements report will not be correctly generated!
11:45:18.964 [main] INFO  - 
  _____   ___   ___   _____     ___   _____     _     ___   _____   ___   ___  
 |_   _| | __| / __| |_   _|   / __| |_   _|   /_\   | _ \ |_   _| | __| |   \ 
   | |   | _|  \__ \   | |     \__ \   | |    / _ \  |   /   | |   | _|  | |) |
   |_|   |___| |___/   |_|     |___/   |_|   /_/ \_\ |_|_\   |_|   |___| |___/ 

PUT - As admin I can update cashier data by id(user;put---as-admin-i-can-update-cashier-data-by-id)
--------------------------------------------------------------------------------
11:45:19.035 [main] DEBUG net.thucydides.core.steps.StepInterceptor - STARTING STEP: PutCashierByIdSteps.adminHasApiEndpointUpdateCashier - admin has api endpoint update cashier
11:45:19.035 [main] DEBUG net.thucydides.core.steps.StepInterceptor - STEP DONE: admin has api endpoint update cashier
  &amp#27;[32mGiven &amp#27;[0m&amp#27;[32madmin has api endpoint update cashier&amp#27;[0m            &amp#27;[90m# starter.stepdefinitions.Cashier.PutCashierByIdSteps.adminHasApiEndpointUpdateCashier()&amp#27;[0m
11:45:19.052 [main] DEBUG net.thucydides.core.steps.StepInterceptor - STARTING STEP: PutCashierByIdSteps.adminSendHTTPRequestUpdateCashier - admin send HTTP request update cashier
11:45:19.057 [main] DEBUG net.thucydides.core.steps.StepInterceptor - STARTING STEP: PutCashierByIdPage.adminSendHTTPRequestUpdateCashier - admin has api endpoint update cashier
11:45:19.057 [main] DEBUG net.thucydides.core.steps.StepInterceptor - STEP DONE: admin has api endpoint update cashier
11:45:19.122 [main] DEBUG org.apache.http.impl.conn.BasicClientConnectionManager - Get connection for route {}->http://128.199.206.32:8000
11:45:19.122 [main] DEBUG org.apache.http.impl.conn.DefaultClientConnectionOperator - Connecting to 128.199.206.32:8000
11:45:19.154 [main] DEBUG org.apache.http.client.protocol.RequestAddCookies - CookieSpec selected: ignoreCookies
11:45:19.156 [main] DEBUG org.apache.http.client.protocol.RequestAuthCache - Auth cache not set in the context
11:45:19.156 [main] DEBUG org.apache.http.client.protocol.RequestProxyAuthentication - Proxy auth state: UNCHALLENGED
11:45:19.156 [main] DEBUG org.apache.http.impl.client.DefaultHttpClient - Attempt 1 to execute request
11:45:19.156 [main] DEBUG org.apache.http.impl.conn.DefaultClientConnection - Sending request: PUT /api/v1/admin/cashier/17 HTTP/1.1
11:45:19.156 [main] DEBUG org.apache.http.wire -  >> "PUT /api/v1/admin/cashier/17 HTTP/1.1[\r][\n]"
11:45:19.156 [main] DEBUG org.apache.http.wire -  >> "Authorization: Bearer eyJhbGciOiJIUzI1NiIsInR5cCI6IkpXVCJ9.eyJpZCI6MiwiZXhwIjoxNjg2OTAxNTE0fQ.NNXQ02IgtH81Hg_OCpKB6Wt5aKdJsvcIHQPf23FFT8k[\r][\n]"
11:45:19.156 [main] DEBUG org.apache.http.wire -  >> "Accept: */*[\r][\n]"
11:45:19.156 [main] DEBUG org.apache.http.wire -  >> "Content-Type: application/json[\r][\n]"
11:45:19.157 [main] DEBUG org.apache.http.wire -  >> "Content-Length: 70[\r][\n]"
11:45:19.157 [main] DEBUG org.apache.http.wire -  >> "Host: 128.199.206.32:8000[\r][\n]"
11:45:19.157 [main] DEBUG org.apache.http.wire -  >> "Connection: Keep-Alive[\r][\n]"
11:45:19.157 [main] DEBUG org.apache.http.wire -  >> "User-Agent: Apache-HttpClient/4.5.13 (Java/1.8.0_351)[\r][\n]"
11:45:19.157 [main] DEBUG org.apache.http.wire -  >> "Accept-Encoding: gzip,deflate[\r][\n]"
11:45:19.157 [main] DEBUG org.apache.http.wire -  >> "[\r][\n]"
11:45:19.157 [main] DEBUG org.apache.http.headers - >> PUT /api/v1/admin/cashier/17 HTTP/1.1
11:45:19.158 [main] DEBUG org.apache.http.headers - >> Authorization: Bearer eyJhbGciOiJIUzI1NiIsInR5cCI6IkpXVCJ9.eyJpZCI6MiwiZXhwIjoxNjg2OTAxNTE0fQ.NNXQ02IgtH81Hg_OCpKB6Wt5aKdJsvcIHQPf23FFT8k
11:45:19.158 [main] DEBUG org.apache.http.headers - >> Accept: */*
11:45:19.158 [main] DEBUG org.apache.http.headers - >> Content-Type: application/json
11:45:19.158 [main] DEBUG org.apache.http.headers - >> Content-Length: 70
11:45:19.158 [main] DEBUG org.apache.http.headers - >> Host: 128.199.206.32:8000
11:45:19.158 [main] DEBUG org.apache.http.headers - >> Connection: Keep-Alive
11:45:19.158 [main] DEBUG org.apache.http.headers - >> User-Agent: Apache-HttpClient/4.5.13 (Java/1.8.0_351)
11:45:19.158 [main] DEBUG org.apache.http.headers - >> Accept-Encoding: gzip,deflate
11:45:19.158 [main] DEBUG org.apache.http.wire -  >> "{"password":"putriupdate1","role":"cashier","username":"putriupdate1"}"
11:45:19.290 [main] DEBUG org.apache.http.wire -  << "HTTP/1.1 200 OK[\r][\n]"
11:45:19.291 [main] DEBUG org.apache.http.wire -  << "Content-Type: application/json; charset=UTF-8[\r][\n]"
11:45:19.291 [main] DEBUG org.apache.http.wire -  << "Vary: Origin[\r][\n]"
11:45:19.291 [main] DEBUG org.apache.http.wire -  << "Date: Fri, 16 Jun 2023 04:45:19 GMT[\r][\n]"
11:45:19.291 [main] DEBUG org.apache.http.wire -  << "Content-Length: 262[\r][\n]"
11:45:19.291 [main] DEBUG org.apache.http.wire -  << "[\r][\n]"
11:45:19.291 [main] DEBUG org.apache.http.impl.conn.DefaultClientConnection - Receiving response: HTTP/1.1 200 OK
11:45:19.291 [main] DEBUG org.apache.http.headers - << HTTP/1.1 200 OK
11:45:19.291 [main] DEBUG org.apache.http.headers - << Content-Type: application/json; charset=UTF-8
11:45:19.291 [main] DEBUG org.apache.http.headers - << Vary: Origin
11:45:19.291 [main] DEBUG org.apache.http.headers - << Date: Fri, 16 Jun 2023 04:45:19 GMT
11:45:19.291 [main] DEBUG org.apache.http.headers - << Content-Length: 262
11:45:19.291 [main] DEBUG org.apache.http.impl.client.DefaultHttpClient - Connection can be kept alive indefinitely
11:45:19.292 [main] DEBUG io.restassured.internal.RestAssuredHttpBuilder - Parsing response as: application/json; charset=UTF-8
11:45:19.292 [main] DEBUG io.restassured.internal.RestAssuredHttpBuilder - Parsed data to instance of: class org.apache.http.conn.EofSensorInputStream
11:45:19.301 [main] DEBUG org.apache.http.wire -  << "{"meta":{"code":200,"status":"Success","message":"Cashier edited"},"data":{"id":17,"id_code":"GOPY-4727","name":"putriupdate1","password":"","role":"cashier","created_at":"2023-06-14T16:18:13+07:00","updated_at":"2023-06-16T11:45:20+07:00","transactions":null}}[\n]"
11:45:19.301 [main] DEBUG org.apache.http.impl.conn.BasicClientConnectionManager - Releasing connection org.apache.http.impl.conn.ManagedClientConnectionImpl@16f7f59f
11:45:19.302 [main] DEBUG org.apache.http.impl.conn.BasicClientConnectionManager - Connection can be kept alive indefinitely
11:45:19.303 [main] DEBUG net.thucydides.core.steps.StepInterceptor - STEP DONE: admin send HTTP request update cashier
  &amp#27;[32mWhen &amp#27;[0m&amp#27;[32madmin send HTTP request update cashier&amp#27;[0m            &amp#27;[90m# starter.stepdefinitions.Cashier.PutCashierByIdSteps.adminSendHTTPRequestUpdateCashier()&amp#27;[0m
11:45:19.320 [main] DEBUG net.thucydides.core.steps.StepInterceptor - STARTING STEP: GetAllCashierSteps.adminReceiveResponseCode - admin receive response code 200
11:45:19.321 [main] DEBUG net.thucydides.core.steps.StepInterceptor - STEP DONE: admin receive response code 200
  &amp#27;[32mThen &amp#27;[0m&amp#27;[32madmin receive response code 200&amp#27;[0m                   &amp#27;[90m# starter.stepdefinitions.Cashier.GetAllCashierSteps.adminReceiveResponseCode()&amp#27;[0m
11:45:19.329 [main] DEBUG net.thucydides.core.steps.StepInterceptor - STARTING STEP: PutCashierByIdSteps.adminValidateResponseBodyUpdateCashier - admin validate response body update cashier
11:45:19.443 [main] DEBUG net.thucydides.core.steps.StepInterceptor - STEP DONE: admin validate response body update cashier
  &amp#27;[32mAnd &amp#27;[0m&amp#27;[32madmin validate response body update cashier&amp#27;[0m        &amp#27;[90m# starter.stepdefinitions.Cashier.PutCashierByIdSteps.adminValidateResponseBodyUpdateCashier()&amp#27;[0m
11:45:19.448 [main] INFO  - 
  _____   ___   ___   _____     ___     _     ___   ___   ___   ___  
 |_   _| | __| / __| |_   _|   | _ \   /_\   / __| / __| | __| |   \ 
   | |   | _|  \__ \   | |     |  _/  / _ \  \__ \ \__ \ | _|  | |) |
   |_|   |___| |___/   |_|     |_|   /_/ \_\ |___/ |___/ |___| |___/ 

PUT - As admin I can update cashier data by id
----------------------------------------------------------------------
]]></system-out>
  </testcase>
  <testcase name="DELETE - As admin I can delete cashier data by id" classname="User #2" time="0.404">
    <system-out><![CDATA[
@DelCashierByID
Scenario: DELETE - As admin I can delete cashier data by id &amp#27;[90m# src/test/resources/api/Cashier/Cashier.feature:35&amp#27;[0m
11:45:19.473 [main] INFO io.cucumber.core.plugin.SerenityReporter - Running feature from file:///E:/SEMESTER%20VI/KAMPUS%20MERDEKA/capstone-pos/automation/api-automation-pos/src/test/resources/api/Cashier/Cashier.feature
11:45:19.473 [main] WARN io.cucumber.core.plugin.SerenityReporter - Feature from file:///E:/SEMESTER%20VI/KAMPUS%20MERDEKA/capstone-pos/automation/api-automation-pos/src/test/resources/api/Cashier/Cashier.feature is not under the 'features' directory. Requirements report will not be correctly generated!
11:45:19.477 [main] INFO  - 
  _____   ___   ___   _____     ___   _____     _     ___   _____   ___   ___  
 |_   _| | __| / __| |_   _|   / __| |_   _|   /_\   | _ \ |_   _| | __| |   \ 
   | |   | _|  \__ \   | |     \__ \   | |    / _ \  |   /   | |   | _|  | |) |
   |_|   |___| |___/   |_|     |___/   |_|   /_/ \_\ |_|_\   |_|   |___| |___/ 

DELETE - As admin I can delete cashier data by id(user;delete---as-admin-i-can-delete-cashier-data-by-id)
--------------------------------------------------------------------------------
11:45:19.520 [main] DEBUG net.thucydides.core.steps.StepInterceptor - STARTING STEP: DelCashierByIdSteps.adminHasApiEndpointDeleteCashier - admin has api endpoint delete cashier
11:45:19.522 [main] DEBUG net.thucydides.core.steps.StepInterceptor - STEP DONE: admin has api endpoint delete cashier
  &amp#27;[32mGiven &amp#27;[0m&amp#27;[32madmin has api endpoint delete cashier&amp#27;[0m               &amp#27;[90m# starter.stepdefinitions.Cashier.DelCashierByIdSteps.adminHasApiEndpointDeleteCashier()&amp#27;[0m
11:45:19.539 [main] DEBUG net.thucydides.core.steps.StepInterceptor - STARTING STEP: DelCashierByIdSteps.adminSendHTTPRequestDeleteCashier - admin send HTTP request delete cashier
11:45:19.545 [main] DEBUG net.thucydides.core.steps.StepInterceptor - STARTING STEP: DelCashierByIdPage.adminSendHTTPRequestDeleteCashier - admin has api endpoint delete cashier
11:45:19.546 [main] DEBUG net.thucydides.core.steps.StepInterceptor - STEP DONE: admin has api endpoint delete cashier
11:45:19.585 [main] DEBUG org.apache.http.impl.conn.BasicClientConnectionManager - Get connection for route {}->http://128.199.206.32:8000
11:45:19.586 [main] DEBUG org.apache.http.impl.conn.DefaultClientConnectionOperator - Connecting to 128.199.206.32:8000
11:45:19.614 [main] DEBUG org.apache.http.client.protocol.RequestAddCookies - CookieSpec selected: ignoreCookies
11:45:19.614 [main] DEBUG org.apache.http.client.protocol.RequestAuthCache - Auth cache not set in the context
11:45:19.614 [main] DEBUG org.apache.http.client.protocol.RequestProxyAuthentication - Proxy auth state: UNCHALLENGED
11:45:19.615 [main] DEBUG org.apache.http.impl.client.DefaultHttpClient - Attempt 1 to execute request
11:45:19.615 [main] DEBUG org.apache.http.impl.conn.DefaultClientConnection - Sending request: DELETE /api/v1/admin/cashier/35 HTTP/1.1
11:45:19.615 [main] DEBUG org.apache.http.wire -  >> "DELETE /api/v1/admin/cashier/35 HTTP/1.1[\r][\n]"
11:45:19.615 [main] DEBUG org.apache.http.wire -  >> "Authorization: Bearer eyJhbGciOiJIUzI1NiIsInR5cCI6IkpXVCJ9.eyJpZCI6MiwiZXhwIjoxNjg2OTAxNTE0fQ.NNXQ02IgtH81Hg_OCpKB6Wt5aKdJsvcIHQPf23FFT8k[\r][\n]"
11:45:19.615 [main] DEBUG org.apache.http.wire -  >> "Accept: */*[\r][\n]"
11:45:19.615 [main] DEBUG org.apache.http.wire -  >> "Host: 128.199.206.32:8000[\r][\n]"
11:45:19.615 [main] DEBUG org.apache.http.wire -  >> "Connection: Keep-Alive[\r][\n]"
11:45:19.615 [main] DEBUG org.apache.http.wire -  >> "User-Agent: Apache-HttpClient/4.5.13 (Java/1.8.0_351)[\r][\n]"
11:45:19.635 [main] DEBUG org.apache.http.wire -  >> "Accept-Encoding: gzip,deflate[\r][\n]"
11:45:19.635 [main] DEBUG org.apache.http.wire -  >> "[\r][\n]"
11:45:19.635 [main] DEBUG org.apache.http.headers - >> DELETE /api/v1/admin/cashier/35 HTTP/1.1
11:45:19.635 [main] DEBUG org.apache.http.headers - >> Authorization: Bearer eyJhbGciOiJIUzI1NiIsInR5cCI6IkpXVCJ9.eyJpZCI6MiwiZXhwIjoxNjg2OTAxNTE0fQ.NNXQ02IgtH81Hg_OCpKB6Wt5aKdJsvcIHQPf23FFT8k
11:45:19.635 [main] DEBUG org.apache.http.headers - >> Accept: */*
11:45:19.635 [main] DEBUG org.apache.http.headers - >> Host: 128.199.206.32:8000
11:45:19.635 [main] DEBUG org.apache.http.headers - >> Connection: Keep-Alive
11:45:19.635 [main] DEBUG org.apache.http.headers - >> User-Agent: Apache-HttpClient/4.5.13 (Java/1.8.0_351)
11:45:19.646 [main] DEBUG org.apache.http.headers - >> Accept-Encoding: gzip,deflate
11:45:19.681 [main] DEBUG org.apache.http.wire -  << "HTTP/1.1 200 OK[\r][\n]"
11:45:19.682 [main] DEBUG org.apache.http.wire -  << "Content-Type: application/json; charset=UTF-8[\r][\n]"
11:45:19.682 [main] DEBUG org.apache.http.wire -  << "Vary: Origin[\r][\n]"
11:45:19.682 [main] DEBUG org.apache.http.wire -  << "Date: Fri, 16 Jun 2023 04:45:20 GMT[\r][\n]"
11:45:19.682 [main] DEBUG org.apache.http.wire -  << "Content-Length: 79[\r][\n]"
11:45:19.682 [main] DEBUG org.apache.http.wire -  << "[\r][\n]"
11:45:19.682 [main] DEBUG org.apache.http.impl.conn.DefaultClientConnection - Receiving response: HTTP/1.1 200 OK
11:45:19.686 [main] DEBUG org.apache.http.headers - << HTTP/1.1 200 OK
11:45:19.686 [main] DEBUG org.apache.http.headers - << Content-Type: application/json; charset=UTF-8
11:45:19.686 [main] DEBUG org.apache.http.headers - << Vary: Origin
11:45:19.686 [main] DEBUG org.apache.http.headers - << Date: Fri, 16 Jun 2023 04:45:20 GMT
11:45:19.686 [main] DEBUG org.apache.http.headers - << Content-Length: 79
11:45:19.686 [main] DEBUG org.apache.http.impl.client.DefaultHttpClient - Connection can be kept alive indefinitely
11:45:19.687 [main] DEBUG io.restassured.internal.RestAssuredHttpBuilder - Parsing response as: application/json; charset=UTF-8
11:45:19.687 [main] DEBUG io.restassured.internal.RestAssuredHttpBuilder - Parsed data to instance of: class org.apache.http.conn.EofSensorInputStream
11:45:19.692 [main] DEBUG org.apache.http.wire -  << "{"meta":{"code":200,"status":"Success","message":"Cashier deleted"},"data":""}[\n]"
11:45:19.692 [main] DEBUG org.apache.http.impl.conn.BasicClientConnectionManager - Releasing connection org.apache.http.impl.conn.ManagedClientConnectionImpl@7c71c889
11:45:19.692 [main] DEBUG org.apache.http.impl.conn.BasicClientConnectionManager - Connection can be kept alive indefinitely
11:45:19.694 [main] DEBUG net.thucydides.core.steps.StepInterceptor - STEP DONE: admin send HTTP request delete cashier
  &amp#27;[32mWhen &amp#27;[0m&amp#27;[32madmin send HTTP request delete cashier&amp#27;[0m               &amp#27;[90m# starter.stepdefinitions.Cashier.DelCashierByIdSteps.adminSendHTTPRequestDeleteCashier()&amp#27;[0m
11:45:19.719 [main] DEBUG net.thucydides.core.steps.StepInterceptor - STARTING STEP: GetAllCashierSteps.adminReceiveResponseCode - admin receive response code 200
11:45:19.720 [main] DEBUG net.thucydides.core.steps.StepInterceptor - STEP DONE: admin receive response code 200
  &amp#27;[32mThen &amp#27;[0m&amp#27;[32madmin receive response code 200&amp#27;[0m                      &amp#27;[90m# starter.stepdefinitions.Cashier.GetAllCashierSteps.adminReceiveResponseCode()&amp#27;[0m
11:45:19.728 [main] DEBUG net.thucydides.core.steps.StepInterceptor - STARTING STEP: DelCashierByIdSteps.adminValidateResponseBodyDeleteCashier - admin validate response body delete cashier
11:45:19.846 [main] DEBUG net.thucydides.core.steps.StepInterceptor - STEP DONE: admin validate response body delete cashier
  &amp#27;[32mAnd &amp#27;[0m&amp#27;[32madmin validate response body delete cashier&amp#27;[0m           &amp#27;[90m# starter.stepdefinitions.Cashier.DelCashierByIdSteps.adminValidateResponseBodyDeleteCashier()&amp#27;[0m
11:45:19.854 [main] INFO  - 
  _____   ___   ___   _____     ___     _     ___   ___   ___   ___  
 |_   _| | __| / __| |_   _|   | _ \   /_\   / __| / __| | __| |   \ 
   | |   | _|  \__ \   | |     |  _/  / _ \  \__ \ \__ \ | _|  | |) |
   |_|   |___| |___/   |_|     |_|   /_/ \_\ |___/ |___/ |___| |___/ 

DELETE - As admin I can delete cashier data by id
----------------------------------------------------------------------
]]></system-out>
  </testcase>
  <testcase name="GET ALL - As admin I can get all data details order" classname="Order" time="0.465">
    <system-out><![CDATA[11:45:19.875 [main] INFO io.cucumber.core.plugin.SerenityReporter - Running feature from file:///E:/SEMESTER%20VI/KAMPUS%20MERDEKA/capstone-pos/automation/api-automation-pos/src/test/resources/api/Order/Order.feature
11:45:19.877 [main] WARN io.cucumber.core.plugin.SerenityReporter - Feature from file:///E:/SEMESTER%20VI/KAMPUS%20MERDEKA/capstone-pos/automation/api-automation-pos/src/test/resources/api/Order/Order.feature is not under the 'features' directory. Requirements report will not be correctly generated!
11:45:19.880 [main] DEBUG net.thucydides.core.steps.StepEventBus - Test suite started for story net.thucydides.core.model.Story@8717ae21
11:45:19.881 [main] INFO  - Test Suite Started: Order

@GetAllCashier
Scenario: GET ALL - As admin I can get all data details order &amp#27;[90m# src/test/resources/api/Order/Order.feature:7&amp#27;[0m
11:45:20.082 [main] INFO io.cucumber.core.plugin.SerenityReporter - Running feature from file:///E:/SEMESTER%20VI/KAMPUS%20MERDEKA/capstone-pos/automation/api-automation-pos/src/test/resources/api/Order/Order.feature
11:45:20.082 [main] WARN io.cucumber.core.plugin.SerenityReporter - Feature from file:///E:/SEMESTER%20VI/KAMPUS%20MERDEKA/capstone-pos/automation/api-automation-pos/src/test/resources/api/Order/Order.feature is not under the 'features' directory. Requirements report will not be correctly generated!
11:45:20.086 [main] INFO  - 
  _____   ___   ___   _____     ___   _____     _     ___   _____   ___   ___  
 |_   _| | __| / __| |_   _|   / __| |_   _|   /_\   | _ \ |_   _| | __| |   \ 
   | |   | _|  \__ \   | |     \__ \   | |    / _ \  |   /   | |   | _|  | |) |
   |_|   |___| |___/   |_|     |___/   |_|   /_/ \_\ |_|_\   |_|   |___| |___/ 

GET ALL - As admin I can get all data details order(order;get-all---as-admin-i-can-get-all-data-details-order)
--------------------------------------------------------------------------------
11:45:20.130 [main] DEBUG net.thucydides.core.steps.StepInterceptor - STARTING STEP: GetOrderSteps.adminHasApiEndpointGetAllOrder - admin has api endpoint get all order
11:45:20.130 [main] DEBUG net.thucydides.core.steps.StepInterceptor - STEP DONE: admin has api endpoint get all order
  &amp#27;[32mGiven &amp#27;[0m&amp#27;[32madmin has api endpoint get all order&amp#27;[0m                  &amp#27;[90m# starter.stepdefinitions.Order.GetOrderSteps.adminHasApiEndpointGetAllOrder()&amp#27;[0m
11:45:20.145 [main] DEBUG net.thucydides.core.steps.StepInterceptor - STARTING STEP: GetOrderSteps.adminSendHTTPRequestGetAllOrder - admin send HTTP request get all order
11:45:20.147 [main] DEBUG net.thucydides.core.steps.StepInterceptor - STARTING STEP: GetOrderPage.adminSendHTTPRequestGetAllOrder - admin has api endpoint get all order
11:45:20.147 [main] DEBUG net.thucydides.core.steps.StepInterceptor - STEP DONE: admin has api endpoint get all order
11:45:20.178 [main] DEBUG org.apache.http.impl.conn.BasicClientConnectionManager - Get connection for route {}->http://128.199.206.32:8000
11:45:20.179 [main] DEBUG org.apache.http.impl.conn.DefaultClientConnectionOperator - Connecting to 128.199.206.32:8000
11:45:20.209 [main] DEBUG org.apache.http.client.protocol.RequestAddCookies - CookieSpec selected: ignoreCookies
11:45:20.209 [main] DEBUG org.apache.http.client.protocol.RequestAuthCache - Auth cache not set in the context
11:45:20.209 [main] DEBUG org.apache.http.client.protocol.RequestProxyAuthentication - Proxy auth state: UNCHALLENGED
11:45:20.209 [main] DEBUG org.apache.http.impl.client.DefaultHttpClient - Attempt 1 to execute request
11:45:20.209 [main] DEBUG org.apache.http.impl.conn.DefaultClientConnection - Sending request: GET /api/v1/admin/orders HTTP/1.1
11:45:20.209 [main] DEBUG org.apache.http.wire -  >> "GET /api/v1/admin/orders HTTP/1.1[\r][\n]"
11:45:20.209 [main] DEBUG org.apache.http.wire -  >> "Authorization: Bearer eyJhbGciOiJIUzI1NiIsInR5cCI6IkpXVCJ9.eyJpZCI6MiwiZXhwIjoxNjg2OTAxNTE0fQ.NNXQ02IgtH81Hg_OCpKB6Wt5aKdJsvcIHQPf23FFT8k[\r][\n]"
11:45:20.209 [main] DEBUG org.apache.http.wire -  >> "Accept: */*[\r][\n]"
11:45:20.209 [main] DEBUG org.apache.http.wire -  >> "Host: 128.199.206.32:8000[\r][\n]"
11:45:20.209 [main] DEBUG org.apache.http.wire -  >> "Connection: Keep-Alive[\r][\n]"
11:45:20.209 [main] DEBUG org.apache.http.wire -  >> "User-Agent: Apache-HttpClient/4.5.13 (Java/1.8.0_351)[\r][\n]"
11:45:20.209 [main] DEBUG org.apache.http.wire -  >> "Accept-Encoding: gzip,deflate[\r][\n]"
11:45:20.209 [main] DEBUG org.apache.http.wire -  >> "[\r][\n]"
11:45:20.210 [main] DEBUG org.apache.http.headers - >> GET /api/v1/admin/orders HTTP/1.1
11:45:20.210 [main] DEBUG org.apache.http.headers - >> Authorization: Bearer eyJhbGciOiJIUzI1NiIsInR5cCI6IkpXVCJ9.eyJpZCI6MiwiZXhwIjoxNjg2OTAxNTE0fQ.NNXQ02IgtH81Hg_OCpKB6Wt5aKdJsvcIHQPf23FFT8k
11:45:20.210 [main] DEBUG org.apache.http.headers - >> Accept: */*
11:45:20.210 [main] DEBUG org.apache.http.headers - >> Host: 128.199.206.32:8000
11:45:20.210 [main] DEBUG org.apache.http.headers - >> Connection: Keep-Alive
11:45:20.210 [main] DEBUG org.apache.http.headers - >> User-Agent: Apache-HttpClient/4.5.13 (Java/1.8.0_351)
11:45:20.210 [main] DEBUG org.apache.http.headers - >> Accept-Encoding: gzip,deflate
11:45:20.271 [main] DEBUG org.apache.http.wire -  << "HTTP/1.1 200 OK[\r][\n]"
11:45:20.271 [main] DEBUG org.apache.http.wire -  << "Content-Type: application/json; charset=UTF-8[\r][\n]"
11:45:20.271 [main] DEBUG org.apache.http.wire -  << "Vary: Origin[\r][\n]"
11:45:20.272 [main] DEBUG org.apache.http.wire -  << "Date: Fri, 16 Jun 2023 04:45:20 GMT[\r][\n]"
11:45:20.272 [main] DEBUG org.apache.http.wire -  << "Content-Length: 1566[\r][\n]"
11:45:20.272 [main] DEBUG org.apache.http.wire -  << "[\r][\n]"
11:45:20.272 [main] DEBUG org.apache.http.impl.conn.DefaultClientConnection - Receiving response: HTTP/1.1 200 OK
11:45:20.272 [main] DEBUG org.apache.http.headers - << HTTP/1.1 200 OK
11:45:20.272 [main] DEBUG org.apache.http.headers - << Content-Type: application/json; charset=UTF-8
11:45:20.272 [main] DEBUG org.apache.http.headers - << Vary: Origin
11:45:20.272 [main] DEBUG org.apache.http.headers - << Date: Fri, 16 Jun 2023 04:45:20 GMT
11:45:20.272 [main] DEBUG org.apache.http.headers - << Content-Length: 1566
11:45:20.272 [main] DEBUG org.apache.http.impl.client.DefaultHttpClient - Connection can be kept alive indefinitely
11:45:20.272 [main] DEBUG io.restassured.internal.RestAssuredHttpBuilder - Parsing response as: application/json; charset=UTF-8
11:45:20.272 [main] DEBUG io.restassured.internal.RestAssuredHttpBuilder - Parsed data to instance of: class org.apache.http.conn.EofSensorInputStream
11:45:20.275 [main] DEBUG org.apache.http.wire -  << "{"meta":{"code":200,"status":"success","message":"successfully get data order"},"data":[{"order_id":"01-12062023","order_option":"DINE_IN","created_at":"2023-06-12T16:02:24+07:00","status":"Paid","payment":"BCA","grand_total":44015},{"order_id":"02-12062023","order_option":"DINE_IN","created_at":"2023-06-12T17:29:37+07:00","status":"Paid","payment":"BCA","grand_total":44015},{"order_id":"03-12062023","order_option":"DINE_IN","created_at":"2023-06-12T17:33:32+07:00","status":"Paid","payment":"BCA","grand_total":44015},{"order_id":"04-12062023","order_option":"DINE_IN","created_at":"2023-06-12T19:50:44+07:00","status":"Paid","payment":"BCA","grand_total":44044},{"order_id":"05-12062023","order_option":"DINE_IN","created_at":"2023-06-12T20:01:16+07:00","status":"Paid","payment":"BCA","grand_total":44044},{"order_id":"06-12062023","order_option":"DINE_IN","created_at":"2023-06-12T20:22:39+07:00","status":"PAID","payment":"BCA","grand_total":44044},{"order_id":"07-12062023","order_option":"DINE_IN","created_at":"2023-06-12T20:24:13+07:00","status":"PAID","payment":"BCA","grand_total":1529000},{"order_id":"08-12062023","order_option":"DINE_IN","created_at":"2023-06-12T20:24:30+07:00","status":"PAID","payment":"BCA","grand_total":1529000},{"order_id":"09-12062023","order_option":"DINE_IN","created_at":"2023-06-12T20:24:40+07:00","payment":"","grand_total":0},{"order_id":"10-12062023","order_option":"DINE_IN","created_at":"2023-06-12T20:27:09+07:00","payment":"","grand_total":0}],"pagination":{"page":1,"limit":10,"total_items":29,"total_pages":3}}[\n]"
11:45:20.279 [main] DEBUG org.apache.http.impl.conn.BasicClientConnectionManager - Releasing connection org.apache.http.impl.conn.ManagedClientConnectionImpl@4975dda1
11:45:20.279 [main] DEBUG org.apache.http.impl.conn.BasicClientConnectionManager - Connection can be kept alive indefinitely
11:45:20.286 [main] DEBUG net.thucydides.core.steps.StepInterceptor - STEP DONE: admin send HTTP request get all order
  &amp#27;[32mWhen &amp#27;[0m&amp#27;[32madmin send HTTP request get all order&amp#27;[0m                  &amp#27;[90m# starter.stepdefinitions.Order.GetOrderSteps.adminSendHTTPRequestGetAllOrder()&amp#27;[0m
11:45:20.298 [main] DEBUG net.thucydides.core.steps.StepInterceptor - STARTING STEP: GetAllCashierSteps.adminReceiveResponseCode - admin receive response code 200
11:45:20.299 [main] DEBUG net.thucydides.core.steps.StepInterceptor - STEP DONE: admin receive response code 200
  &amp#27;[32mThen &amp#27;[0m&amp#27;[32madmin receive response code 200&amp#27;[0m                        &amp#27;[90m# starter.stepdefinitions.Cashier.GetAllCashierSteps.adminReceiveResponseCode()&amp#27;[0m
11:45:20.305 [main] DEBUG net.thucydides.core.steps.StepInterceptor - STARTING STEP: GetOrderSteps.adminValidateResponseBodyGetOrderInformation - admin validate response body get order information
11:45:20.403 [main] DEBUG net.thucydides.core.steps.StepInterceptor - STEP DONE: admin validate response body get order information
  &amp#27;[32mAnd &amp#27;[0m&amp#27;[32madmin validate response body get order information&amp#27;[0m      &amp#27;[90m# starter.stepdefinitions.Order.GetOrderSteps.adminValidateResponseBodyGetOrderInformation()&amp#27;[0m
11:45:20.410 [main] INFO  - 
  _____   ___   ___   _____     ___     _     ___   ___   ___   ___  
 |_   _| | __| / __| |_   _|   | _ \   /_\   / __| / __| | __| |   \ 
   | |   | _|  \__ \   | |     |  _/  / _ \  \__ \ \__ \ | _|  | |) |
   |_|   |___| |___/   |_|     |_|   /_/ \_\ |___/ |___/ |___| |___/ 

GET ALL - As admin I can get all data details order
----------------------------------------------------------------------
]]></system-out>
  </testcase>
</testsuite>